2019-12-01 11:33:36.5816 ITNSBOCustomization.Lib.Base.FormController --- New controller of type OIGE registered.
2019-12-01 11:33:37.8628 ITNSBOCustomization.Lib.Base.FormController --- Adding fields for the object: OIGE
2019-12-01 11:33:38.3003 ITNSBOCustomization.Lib.Base.FormController --- New controller of type OIGE registered.
2019-12-01 11:34:00.5339 ITNSBOCustomization.Lib.Base.FormController --- New controller of type OWOR registered.
2019-12-01 11:34:00.5808 ITNSBOCustomization.Lib.Base.FormController --- Adding fields for the object: OWOR
2019-12-01 11:34:00.7527 ITNSBOCustomization.Lib.Base.FormController --- New controller of type OWOR registered.
2019-12-01 11:35:19.7657 ITNSBOCustomization.Lib.Base.FormController --- New controller of type _FU_P registered.
2019-12-01 11:35:19.7969 ITNSBOCustomization.Lib.Base.FormController --- New controller of type _FU_P registered.
2019-12-01 11:35:23.1249 ITNSBOCustomization.Lib.Base.FormController --- New controller of type OIGE registered.
2019-12-01 11:35:23.1562 ITNSBOCustomization.Lib.Base.FormController --- Adding fields for the object: OIGE
2019-12-01 11:35:23.2655 ITNSBOCustomization.Lib.Base.FormController --- New controller of type OIGE registered.
2019-12-01 11:35:36.6713 ITNSBOCustomization.Lib.Core.Addon --- {"ClassName":"System.NullReferenceException","Message":"Object reference not set to an instance of an object.","Data":null,"InnerException":null,"HelpURL":null,"StackTraceString":"   at ITNSBOCustomization.Lib.Base.FormController.UnregisterController(FormController ControllerToUnregister)","RemoteStackTraceString":null,"RemoteStackIndex":0,"ExceptionMethod":"8\nUnregisterController\nITNSBOCustomization, Version=1.0.0.0, Culture=neutral, PublicKeyToken=null\nITNSBOCustomization.Lib.Base.FormController\nVoid UnregisterController(ITNSBOCustomization.Lib.Base.FormController)","HResult":-2147467261,"Source":"ITNSBOCustomization","WatsonBuckets":null}
2019-12-01 11:37:42.5578 ITNSBOCustomization.Lib.Base.FormController --- New controller of type OWOR registered.
2019-12-01 11:37:42.5890 ITNSBOCustomization.Lib.Base.FormController --- Adding fields for the object: OWOR
2019-12-01 11:37:42.7296 ITNSBOCustomization.Lib.Base.FormController --- New controller of type OWOR registered.
2019-12-01 11:37:43.0577 ITNSBOCustomization.Lib.Core.Addon --- {"ClassName":"System.NullReferenceException","Message":"Object reference not set to an instance of an object.","Data":null,"InnerException":null,"HelpURL":null,"StackTraceString":"   at ITNSBOCustomization.Lib.Base.FormController.UnregisterController(FormController ControllerToUnregister)","RemoteStackTraceString":null,"RemoteStackIndex":0,"ExceptionMethod":"8\nUnregisterController\nITNSBOCustomization, Version=1.0.0.0, Culture=neutral, PublicKeyToken=null\nITNSBOCustomization.Lib.Base.FormController\nVoid UnregisterController(ITNSBOCustomization.Lib.Base.FormController)","HResult":-2147467261,"Source":"ITNSBOCustomization","WatsonBuckets":null}
2019-12-01 11:37:43.5421 ITNSBOCustomization.Lib.Base.FormController --- New controller of type OITT registered.
2019-12-01 11:37:43.5733 ITNSBOCustomization.Lib.Base.FormController --- New controller of type OITT registered.
2019-12-01 11:44:25.4505 ITNSBOCustomization.Lib.Core.Addon --- {"ClassName":"System.NullReferenceException","Message":"Object reference not set to an instance of an object.","Data":null,"InnerException":null,"HelpURL":null,"StackTraceString":"   at ITNSBOCustomization.Lib.Base.FormController.UnregisterController(FormController ControllerToUnregister)","RemoteStackTraceString":null,"RemoteStackIndex":0,"ExceptionMethod":"8\nUnregisterController\nITNSBOCustomization, Version=1.0.0.0, Culture=neutral, PublicKeyToken=null\nITNSBOCustomization.Lib.Base.FormController\nVoid UnregisterController(ITNSBOCustomization.Lib.Base.FormController)","HResult":-2147467261,"Source":"ITNSBOCustomization","WatsonBuckets":null}
2019-12-01 11:44:25.4974 ITNSBOCustomization.Lib.Core.Addon --- {"ClassName":"System.NullReferenceException","Message":"Object reference not set to an instance of an object.","Data":null,"InnerException":null,"HelpURL":null,"StackTraceString":"   at ITNSBOCustomization.Lib.Base.FormController.UnregisterController(FormController ControllerToUnregister)","RemoteStackTraceString":null,"RemoteStackIndex":0,"ExceptionMethod":"8\nUnregisterController\nITNSBOCustomization, Version=1.0.0.0, Culture=neutral, PublicKeyToken=null\nITNSBOCustomization.Lib.Base.FormController\nVoid UnregisterController(ITNSBOCustomization.Lib.Base.FormController)","HResult":-2147467261,"Source":"ITNSBOCustomization","WatsonBuckets":null}
2019-12-01 11:44:25.4974 ITNSBOCustomization.Lib.Core.Addon --- {"ClassName":"System.NullReferenceException","Message":"Object reference not set to an instance of an object.","Data":null,"InnerException":null,"HelpURL":null,"StackTraceString":"   at ITNSBOCustomization.Lib.Base.FormController.UnregisterController(FormController ControllerToUnregister)","RemoteStackTraceString":null,"RemoteStackIndex":0,"ExceptionMethod":"8\nUnregisterController\nITNSBOCustomization, Version=1.0.0.0, Culture=neutral, PublicKeyToken=null\nITNSBOCustomization.Lib.Base.FormController\nVoid UnregisterController(ITNSBOCustomization.Lib.Base.FormController)","HResult":-2147467261,"Source":"ITNSBOCustomization","WatsonBuckets":null}
2019-12-01 11:57:18.5340 ITNSBOCustomization.Lib.Base.FormController --- New controller of type OWOR registered.
2019-12-01 11:57:18.6121 ITNSBOCustomization.Lib.Base.FormController --- Adding fields for the object: OWOR
2019-12-01 11:57:18.7527 ITNSBOCustomization.Lib.Base.FormController --- New controller of type OWOR registered.
2019-12-01 11:57:38.3927 ITNSBOCustomization.Lib.Base.FormController --- New controller of type OITM registered.
2019-12-01 11:57:38.4239 ITNSBOCustomization.Lib.Base.FormController --- New controller of type OITM registered.
2019-12-01 11:57:39.5645 ITNSBOCustomization.Lib.Base.FormController --- New controller of type OITM registered.
2019-12-01 11:57:39.5958 ITNSBOCustomization.Lib.Base.FormController --- New controller of type OITM registered.
2019-12-01 11:58:33.3127 ITNSBOCustomization.Lib.Base.FormController --- New controller of type OITM registered.
2019-12-01 11:58:33.3283 ITNSBOCustomization.Lib.Base.FormController --- New controller of type OITM registered.
2019-12-01 11:58:34.4846 ITNSBOCustomization.Lib.Base.FormController --- New controller of type OITM registered.
2019-12-01 11:58:34.5158 ITNSBOCustomization.Lib.Base.FormController --- New controller of type OITM registered.
2019-12-01 12:04:11.4576 ITNSBOCustomization.Lib.Base.FormController --- New controller of type OWOR registered.
2019-12-01 12:04:11.5045 ITNSBOCustomization.Lib.Base.FormController --- Adding fields for the object: OWOR
2019-12-01 12:04:11.6608 ITNSBOCustomization.Lib.Base.FormController --- New controller of type OWOR registered.
2019-12-01 12:04:24.8166 ITNSBOCustomization.Lib.Base.FormController --- New controller of type _FU_P registered.
2019-12-01 12:04:24.8478 ITNSBOCustomization.Lib.Base.FormController --- New controller of type _FU_P registered.
2019-12-01 12:04:24.8634 ITNSBOCustomization.Lib.Core.Addon --- {"ClassName":"System.NullReferenceException","Message":"Object reference not set to an instance of an object.","Data":null,"InnerException":null,"HelpURL":null,"StackTraceString":"   at ITNSBOCustomization.Lib.Base.FormController.UnregisterController(FormController ControllerToUnregister)","RemoteStackTraceString":null,"RemoteStackIndex":0,"ExceptionMethod":"8\nUnregisterController\nITNSBOCustomization, Version=1.0.0.0, Culture=neutral, PublicKeyToken=null\nITNSBOCustomization.Lib.Base.FormController\nVoid UnregisterController(ITNSBOCustomization.Lib.Base.FormController)","HResult":-2147467261,"Source":"ITNSBOCustomization","WatsonBuckets":null}
2019-12-01 12:04:24.8634 ITNSBOCustomization.Lib.Core.Addon --- {"ClassName":"System.NullReferenceException","Message":"Object reference not set to an instance of an object.","Data":null,"InnerException":null,"HelpURL":null,"StackTraceString":"   at ITNSBOCustomization.Lib.Base.FormController.UnregisterController(FormController ControllerToUnregister)","RemoteStackTraceString":null,"RemoteStackIndex":0,"ExceptionMethod":"8\nUnregisterController\nITNSBOCustomization, Version=1.0.0.0, Culture=neutral, PublicKeyToken=null\nITNSBOCustomization.Lib.Base.FormController\nVoid UnregisterController(ITNSBOCustomization.Lib.Base.FormController)","HResult":-2147467261,"Source":"ITNSBOCustomization","WatsonBuckets":null}
2019-12-01 12:04:28.0821 ITNSBOCustomization.Lib.Base.FormController --- New controller of type OIGE registered.
2019-12-01 12:04:28.1290 ITNSBOCustomization.Lib.Base.FormController --- Adding fields for the object: OIGE
2019-12-01 12:04:28.2227 ITNSBOCustomization.Lib.Base.FormController --- New controller of type OIGE registered.
2019-12-01 12:05:54.9542 ITNSBOCustomization.Lib.Base.FormController --- New controller of type OWOR registered.
2019-12-01 12:05:54.9854 ITNSBOCustomization.Lib.Base.FormController --- Adding fields for the object: OWOR
2019-12-01 12:05:55.1260 ITNSBOCustomization.Lib.Base.FormController --- New controller of type OWOR registered.
2019-12-01 12:05:55.7198 ITNSBOCustomization.Lib.Base.FormController --- New controller of type OITT registered.
2019-12-01 12:05:55.7510 ITNSBOCustomization.Lib.Base.FormController --- New controller of type OITT registered.
2019-12-01 12:37:17.8130 ITNSBOCustomization.Lib.Base.FormController --- New controller of type  registered.
2019-12-01 12:37:17.8598 ITNSBOCustomization.Lib.Base.FormController --- New controller of type  registered.
2019-12-01 12:37:17.9536 ITNSBOCustomization.Lib.Core.Addon --- {"ClassName":"System.NullReferenceException","Message":"Object reference not set to an instance of an object.","Data":null,"InnerException":null,"HelpURL":null,"StackTraceString":"   at ITNSBOCustomization.Lib.Base.FormController.UnregisterController(FormController ControllerToUnregister)","RemoteStackTraceString":null,"RemoteStackIndex":0,"ExceptionMethod":"8\nUnregisterController\nITNSBOCustomization, Version=1.0.0.0, Culture=neutral, PublicKeyToken=null\nITNSBOCustomization.Lib.Base.FormController\nVoid UnregisterController(ITNSBOCustomization.Lib.Base.FormController)","HResult":-2147467261,"Source":"ITNSBOCustomization","WatsonBuckets":null}
2019-12-01 12:37:17.9536 ITNSBOCustomization.Lib.Core.Addon --- {"ClassName":"System.NullReferenceException","Message":"Object reference not set to an instance of an object.","Data":null,"InnerException":null,"HelpURL":null,"StackTraceString":"   at ITNSBOCustomization.Lib.Base.FormController.UnregisterController(FormController ControllerToUnregister)","RemoteStackTraceString":null,"RemoteStackIndex":0,"ExceptionMethod":"8\nUnregisterController\nITNSBOCustomization, Version=1.0.0.0, Culture=neutral, PublicKeyToken=null\nITNSBOCustomization.Lib.Base.FormController\nVoid UnregisterController(ITNSBOCustomization.Lib.Base.FormController)","HResult":-2147467261,"Source":"ITNSBOCustomization","WatsonBuckets":null}
