2019-12-02 16:56:48.7073 ITNSBOCustomization.Lib.Base.FormController --- New controller of type OIGE registered.
2019-12-02 16:56:49.4729 ITNSBOCustomization.Lib.Base.FormController --- Adding fields for the object: OIGE
2019-12-02 16:56:49.7698 ITNSBOCustomization.Lib.Base.FormController --- New controller of type OIGE registered.
2019-12-02 16:56:55.2860 ITNSBOCustomization.Lib.Core.Addon --- {"ClassName":"System.NullReferenceException","Message":"Object reference not set to an instance of an object.","Data":null,"InnerException":null,"HelpURL":null,"StackTraceString":"   at ITNSBOCustomization.Lib.Base.FormController.UnregisterController(FormController ControllerToUnregister)","RemoteStackTraceString":null,"RemoteStackIndex":0,"ExceptionMethod":"8\nUnregisterController\nITNSBOCustomization, Version=1.0.0.0, Culture=neutral, PublicKeyToken=null\nITNSBOCustomization.Lib.Base.FormController\nVoid UnregisterController(ITNSBOCustomization.Lib.Base.FormController)","HResult":-2147467261,"Source":"ITNSBOCustomization","WatsonBuckets":null}
2019-12-02 16:56:58.8024 ITNSBOCustomization.Lib.Base.FormController --- New controller of type OWOR registered.
2019-12-02 16:56:58.8336 ITNSBOCustomization.Lib.Base.FormController --- Adding fields for the object: OWOR
2019-12-02 16:56:58.9899 ITNSBOCustomization.Lib.Base.FormController --- New controller of type OWOR registered.
2019-12-02 16:57:13.0241 ITNSBOCustomization.Lib.Base.FormController --- New controller of type _FU_P registered.
2019-12-02 16:57:13.0397 ITNSBOCustomization.Lib.Base.FormController --- New controller of type _FU_P registered.
2019-12-02 16:57:15.9305 ITNSBOCustomization.Lib.Base.FormController --- New controller of type OIGE registered.
2019-12-02 16:57:15.9774 ITNSBOCustomization.Lib.Base.FormController --- Adding fields for the object: OIGE
2019-12-02 16:57:16.0711 ITNSBOCustomization.Lib.Base.FormController --- New controller of type OIGE registered.
2019-12-02 16:57:41.1208 ITNSBOCustomization.Lib.Core.Addon --- {"ClassName":"System.NullReferenceException","Message":"Object reference not set to an instance of an object.","Data":null,"InnerException":null,"HelpURL":null,"StackTraceString":"   at ITNSBOCustomization.Lib.Base.FormController.UnregisterController(FormController ControllerToUnregister)","RemoteStackTraceString":null,"RemoteStackIndex":0,"ExceptionMethod":"8\nUnregisterController\nITNSBOCustomization, Version=1.0.0.0, Culture=neutral, PublicKeyToken=null\nITNSBOCustomization.Lib.Base.FormController\nVoid UnregisterController(ITNSBOCustomization.Lib.Base.FormController)","HResult":-2147467261,"Source":"ITNSBOCustomization","WatsonBuckets":null}
2019-12-02 16:58:20.1112 ITNSBOCustomization.Lib.Base.FormController --- New controller of type _FU_P registered.
2019-12-02 16:58:20.1581 ITNSBOCustomization.Lib.Base.FormController --- New controller of type _FU_P registered.
2019-12-02 16:58:22.3464 ITNSBOCustomization.Lib.Base.FormController --- New controller of type OIGE registered.
2019-12-02 16:58:22.3777 ITNSBOCustomization.Lib.Base.FormController --- Adding fields for the object: OIGE
2019-12-02 16:58:22.4558 ITNSBOCustomization.Lib.Base.FormController --- New controller of type OIGE registered.
2019-12-02 16:58:39.0053 ITNSBOCustomization.Lib.Core.Addon --- {"ClassName":"System.NullReferenceException","Message":"Object reference not set to an instance of an object.","Data":null,"InnerException":null,"HelpURL":null,"StackTraceString":"   at ITNSBOCustomization.Lib.Base.FormController.UnregisterController(FormController ControllerToUnregister)","RemoteStackTraceString":null,"RemoteStackIndex":0,"ExceptionMethod":"8\nUnregisterController\nITNSBOCustomization, Version=1.0.0.0, Culture=neutral, PublicKeyToken=null\nITNSBOCustomization.Lib.Base.FormController\nVoid UnregisterController(ITNSBOCustomization.Lib.Base.FormController)","HResult":-2147467261,"Source":"ITNSBOCustomization","WatsonBuckets":null}
2019-12-02 16:59:29.3578 ITNSBOCustomization.Lib.Base.FormController --- New controller of type OWOR registered.
2019-12-02 16:59:29.3891 ITNSBOCustomization.Lib.Base.FormController --- Adding fields for the object: OWOR
2019-12-02 16:59:29.5297 ITNSBOCustomization.Lib.Base.FormController --- New controller of type OWOR registered.
2019-12-02 16:59:30.2640 ITNSBOCustomization.Lib.Base.FormController --- New controller of type OITT registered.
2019-12-02 16:59:30.2953 ITNSBOCustomization.Lib.Base.FormController --- New controller of type OITT registered.
2019-12-02 16:59:30.4984 ITNSBOCustomization.Lib.Core.Addon --- {"ClassName":"System.NullReferenceException","Message":"Object reference not set to an instance of an object.","Data":null,"InnerException":null,"HelpURL":null,"StackTraceString":"   at ITNSBOCustomization.Lib.Base.FormController.UnregisterController(FormController ControllerToUnregister)","RemoteStackTraceString":null,"RemoteStackIndex":0,"ExceptionMethod":"8\nUnregisterController\nITNSBOCustomization, Version=1.0.0.0, Culture=neutral, PublicKeyToken=null\nITNSBOCustomization.Lib.Base.FormController\nVoid UnregisterController(ITNSBOCustomization.Lib.Base.FormController)","HResult":-2147467261,"Source":"ITNSBOCustomization","WatsonBuckets":null}
2019-12-02 17:00:03.1136 ITNSBOCustomization.Lib.Core.Addon --- {"ClassName":"System.NullReferenceException","Message":"Object reference not set to an instance of an object.","Data":null,"InnerException":null,"HelpURL":null,"StackTraceString":"   at ITNSBOCustomization.Lib.Base.FormController.UnregisterController(FormController ControllerToUnregister)","RemoteStackTraceString":null,"RemoteStackIndex":0,"ExceptionMethod":"8\nUnregisterController\nITNSBOCustomization, Version=1.0.0.0, Culture=neutral, PublicKeyToken=null\nITNSBOCustomization.Lib.Base.FormController\nVoid UnregisterController(ITNSBOCustomization.Lib.Base.FormController)","HResult":-2147467261,"Source":"ITNSBOCustomization","WatsonBuckets":null}
