2019-11-18 09:34:34.7062 ITNSBOCustomization.Lib.Base.FormController --- New controller of type OIGE registered.
2019-11-18 09:34:36.0031 ITNSBOCustomization.Lib.Base.FormController --- Adding fields for the object: OIGE
2019-11-18 09:34:36.6124 ITNSBOCustomization.Lib.Base.FormController --- New controller of type OIGE registered.
2019-11-18 09:35:22.3453 ITNSBOCustomization.Lib.Base.FormController --- New controller of type OWOR registered.
2019-11-18 09:35:22.4234 ITNSBOCustomization.Lib.Base.FormController --- Adding fields for the object: OWOR
2019-11-18 09:35:22.6890 ITNSBOCustomization.Lib.Base.FormController --- New controller of type OWOR registered.
2019-11-18 09:36:46.1863 ITNSBOCustomization.Lib.Base.FormController --- New controller of type OWOR registered.
2019-11-18 09:36:46.2800 ITNSBOCustomization.Lib.Base.FormController --- Adding fields for the object: OWOR
2019-11-18 09:36:46.4988 ITNSBOCustomization.Lib.Base.FormController --- New controller of type OWOR registered.
2019-11-18 09:37:39.6845 ITNSBOCustomization.Lib.Base.FormController --- New controller of type OWOR registered.
2019-11-18 09:37:39.7627 ITNSBOCustomization.Lib.Base.FormController --- Adding fields for the object: OWOR
2019-11-18 09:37:39.9970 ITNSBOCustomization.Lib.Base.FormController --- New controller of type OWOR registered.
2019-11-18 11:01:57.6217 ITNSBOCustomization.Lib.Base.FormController --- New controller of type OIGE registered.
2019-11-18 11:01:59.0592 ITNSBOCustomization.Lib.Base.FormController --- Adding fields for the object: OIGE
2019-11-18 11:01:59.5904 ITNSBOCustomization.Lib.Base.FormController --- New controller of type OIGE registered.
2019-11-18 11:02:17.7617 ITNSBOCustomization.Lib.Base.FormController --- New controller of type OWOR registered.
2019-11-18 11:02:17.8398 ITNSBOCustomization.Lib.Base.FormController --- Adding fields for the object: OWOR
2019-11-18 11:02:18.1367 ITNSBOCustomization.Lib.Base.FormController --- New controller of type OWOR registered.
2019-11-18 11:02:20.8241 ITNSBOCustomization.Lib.Core.Addon --- {"ClassName":"System.NullReferenceException","Message":"Object reference not set to an instance of an object.","Data":null,"InnerException":null,"HelpURL":null,"StackTraceString":"   at ITNSBOCustomization.Lib.Base.FormController.UnregisterController(FormController ControllerToUnregister)","RemoteStackTraceString":null,"RemoteStackIndex":0,"ExceptionMethod":"8\nUnregisterController\nITNSBOCustomization, Version=1.0.0.0, Culture=neutral, PublicKeyToken=null\nITNSBOCustomization.Lib.Base.FormController\nVoid UnregisterController(ITNSBOCustomization.Lib.Base.FormController)","HResult":-2147467261,"Source":"ITNSBOCustomization","WatsonBuckets":null}
2019-11-18 14:55:21.6862 ITNSBOCustomization.Lib.Base.FormController --- New controller of type OWOR registered.
2019-11-18 14:55:22.3424 ITNSBOCustomization.Lib.Base.FormController --- Adding fields for the object: OWOR
2019-11-18 14:55:22.7486 ITNSBOCustomization.Lib.Base.FormController --- New controller of type OWOR registered.
2019-11-18 14:58:51.6012 ITNSBOCustomization.Lib.Base.FormController --- New controller of type OWOR registered.
2019-11-18 14:58:51.6793 ITNSBOCustomization.Lib.Base.FormController --- Adding fields for the object: OWOR
2019-11-18 14:58:51.8980 ITNSBOCustomization.Lib.Base.FormController --- New controller of type OWOR registered.
2019-11-18 14:58:58.3041 ITNSBOCustomization.Lib.Base.FormController --- New controller of type OWOR registered.
2019-11-18 14:58:58.3822 ITNSBOCustomization.Lib.Base.FormController --- Adding fields for the object: OWOR
2019-11-18 14:58:58.6322 ITNSBOCustomization.Lib.Base.FormController --- New controller of type OWOR registered.
2019-11-18 14:59:00.6790 ITNSBOCustomization.Lib.Base.FormController --- New controller of type OITT registered.
2019-11-18 14:59:00.7415 ITNSBOCustomization.Lib.Base.FormController --- New controller of type OITT registered.
2019-11-18 15:00:00.0676 ITNSBOCustomization.Lib.Base.FormController --- New controller of type OITT registered.
2019-11-18 15:00:00.1301 ITNSBOCustomization.Lib.Base.FormController --- New controller of type OITT registered.
2019-11-18 15:02:52.2495 ITNSBOCustomization.Lib.Base.FormController --- New controller of type OWOR registered.
2019-11-18 15:02:52.4995 ITNSBOCustomization.Lib.Base.FormController --- Adding fields for the object: OWOR
2019-11-18 15:02:52.8120 ITNSBOCustomization.Lib.Base.FormController --- New controller of type OWOR registered.
2019-11-18 15:03:43.4353 ITNSBOCustomization.Lib.Base.FormController --- New controller of type OITT registered.
2019-11-18 15:03:43.4978 ITNSBOCustomization.Lib.Base.FormController --- New controller of type OITT registered.
2019-11-18 15:04:22.2465 ITNSBOCustomization.Lib.Core.Addon --- {"ClassName":"System.InvalidCastException","Message":"Unable to cast COM object of type 'System.__ComObject' to interface type 'SAPbobsCOM.Documents'. This operation failed because the QueryInterface call on the COM component for the interface with IID '{A6DA575B-E105-4585-9F4B-50CC4044EEDD}' failed due to the following error: No such interface supported (Exception from HRESULT: 0x80004002 (E_NOINTERFACE)).","Data":null,"InnerException":null,"HelpURL":null,"StackTraceString":"   at ITNSBOCustomization.NPLocalization.Controllers.LocalizationController.updateJournalEntry(Company oCompany, Boolean& success, BusinessObjectInfo boInf)","RemoteStackTraceString":null,"RemoteStackIndex":0,"ExceptionMethod":"8\nupdateJournalEntry\nNPLocalization, Version=1.0.0.0, Culture=neutral, PublicKeyToken=null\nITNSBOCustomization.NPLocalization.Controllers.LocalizationController\nVoid updateJournalEntry(SAPbobsCOM.Company, Boolean ByRef, SAPbouiCOM.BusinessObjectInfo)","HResult":-2147467262,"Source":"NPLocalization","WatsonBuckets":null}
2019-11-18 15:04:52.5268 ITNSBOCustomization.Lib.Base.FormController --- New controller of type OWOR registered.
2019-11-18 15:04:52.6518 ITNSBOCustomization.Lib.Base.FormController --- Adding fields for the object: OWOR
2019-11-18 15:04:52.8705 ITNSBOCustomization.Lib.Base.FormController --- New controller of type OWOR registered.
2019-11-18 15:05:04.4795 ITNSBOCustomization.Lib.Base.FormController --- New controller of type OITT registered.
2019-11-18 15:05:04.5420 ITNSBOCustomization.Lib.Base.FormController --- New controller of type OITT registered.
2019-11-18 15:05:48.3687 ITNSBOCustomization.Lib.Core.Addon --- {"ClassName":"System.InvalidCastException","Message":"Unable to cast COM object of type 'System.__ComObject' to interface type 'SAPbobsCOM.Documents'. This operation failed because the QueryInterface call on the COM component for the interface with IID '{A6DA575B-E105-4585-9F4B-50CC4044EEDD}' failed due to the following error: No such interface supported (Exception from HRESULT: 0x80004002 (E_NOINTERFACE)).","Data":null,"InnerException":null,"HelpURL":null,"StackTraceString":"   at ITNSBOCustomization.NPLocalization.Controllers.LocalizationController.updateJournalEntry(Company oCompany, Boolean& success, BusinessObjectInfo boInf)","RemoteStackTraceString":null,"RemoteStackIndex":0,"ExceptionMethod":"8\nupdateJournalEntry\nNPLocalization, Version=1.0.0.0, Culture=neutral, PublicKeyToken=null\nITNSBOCustomization.NPLocalization.Controllers.LocalizationController\nVoid updateJournalEntry(SAPbobsCOM.Company, Boolean ByRef, SAPbouiCOM.BusinessObjectInfo)","HResult":-2147467262,"Source":"NPLocalization","WatsonBuckets":null}
2019-11-18 15:11:31.4824 ITNSBOCustomization.Lib.Core.Addon --- {"ClassName":"System.NullReferenceException","Message":"Object reference not set to an instance of an object.","Data":null,"InnerException":null,"HelpURL":null,"StackTraceString":"   at ITNSBOCustomization.Lib.Base.FormController.UnregisterController(FormController ControllerToUnregister)","RemoteStackTraceString":null,"RemoteStackIndex":0,"ExceptionMethod":"8\nUnregisterController\nITNSBOCustomization, Version=1.0.0.0, Culture=neutral, PublicKeyToken=null\nITNSBOCustomization.Lib.Base.FormController\nVoid UnregisterController(ITNSBOCustomization.Lib.Base.FormController)","HResult":-2147467261,"Source":"ITNSBOCustomization","WatsonBuckets":null}
2019-11-18 15:11:31.4824 ITNSBOCustomization.Lib.Core.Addon --- {"ClassName":"System.NullReferenceException","Message":"Object reference not set to an instance of an object.","Data":null,"InnerException":null,"HelpURL":null,"StackTraceString":"   at ITNSBOCustomization.Lib.Base.FormController.UnregisterController(FormController ControllerToUnregister)","RemoteStackTraceString":null,"RemoteStackIndex":0,"ExceptionMethod":"8\nUnregisterController\nITNSBOCustomization, Version=1.0.0.0, Culture=neutral, PublicKeyToken=null\nITNSBOCustomization.Lib.Base.FormController\nVoid UnregisterController(ITNSBOCustomization.Lib.Base.FormController)","HResult":-2147467261,"Source":"ITNSBOCustomization","WatsonBuckets":null}
2019-11-18 15:53:52.8050 ITNSBOCustomization.Lib.Base.FormController --- New controller of type OWOR registered.
2019-11-18 15:53:53.0238 ITNSBOCustomization.Lib.Base.FormController --- Adding fields for the object: OWOR
2019-11-18 15:53:53.2581 ITNSBOCustomization.Lib.Base.FormController --- New controller of type OWOR registered.
2019-11-18 15:54:47.4595 ITNSBOCustomization.Lib.Base.FormController --- New controller of type OWOR registered.
2019-11-18 15:54:47.5376 ITNSBOCustomization.Lib.Base.FormController --- Adding fields for the object: OWOR
2019-11-18 15:54:47.7876 ITNSBOCustomization.Lib.Base.FormController --- New controller of type OWOR registered.
2019-11-18 15:55:07.0057 ITNSBOCustomization.Lib.Base.FormController --- New controller of type _FU_P registered.
2019-11-18 15:55:07.0682 ITNSBOCustomization.Lib.Base.FormController --- New controller of type _FU_P registered.
2019-11-18 15:55:40.3640 ITNSBOCustomization.Lib.Base.FormController --- New controller of type _FU_P registered.
2019-11-18 15:55:40.4109 ITNSBOCustomization.Lib.Base.FormController --- New controller of type _FU_P registered.
2019-11-18 15:57:57.8562 ITNSBOCustomization.Lib.Core.Addon --- {"ClassName":"System.NullReferenceException","Message":"Object reference not set to an instance of an object.","Data":null,"InnerException":null,"HelpURL":null,"StackTraceString":"   at ITNSBOCustomization.Lib.Base.FormController.UnregisterController(FormController ControllerToUnregister)","RemoteStackTraceString":null,"RemoteStackIndex":0,"ExceptionMethod":"8\nUnregisterController\nITNSBOCustomization, Version=1.0.0.0, Culture=neutral, PublicKeyToken=null\nITNSBOCustomization.Lib.Base.FormController\nVoid UnregisterController(ITNSBOCustomization.Lib.Base.FormController)","HResult":-2147467261,"Source":"ITNSBOCustomization","WatsonBuckets":null}
2019-11-18 15:57:57.8718 ITNSBOCustomization.Lib.Core.Addon --- {"ClassName":"System.NullReferenceException","Message":"Object reference not set to an instance of an object.","Data":null,"InnerException":null,"HelpURL":null,"StackTraceString":"   at ITNSBOCustomization.Lib.Base.FormController.UnregisterController(FormController ControllerToUnregister)","RemoteStackTraceString":null,"RemoteStackIndex":0,"ExceptionMethod":"8\nUnregisterController\nITNSBOCustomization, Version=1.0.0.0, Culture=neutral, PublicKeyToken=null\nITNSBOCustomization.Lib.Base.FormController\nVoid UnregisterController(ITNSBOCustomization.Lib.Base.FormController)","HResult":-2147467261,"Source":"ITNSBOCustomization","WatsonBuckets":null}
2019-11-18 15:59:08.0019 ITNSBOCustomization.Lib.Base.FormController --- New controller of type _FU_P registered.
2019-11-18 15:59:08.0628 ITNSBOCustomization.Lib.Base.FormController --- New controller of type _FU_P registered.
2019-11-18 15:59:13.1147 ITNSBOCustomization.Lib.Base.FormController --- New controller of type OIGE registered.
2019-11-18 15:59:13.1937 ITNSBOCustomization.Lib.Base.FormController --- Adding fields for the object: OIGE
2019-11-18 15:59:13.4245 ITNSBOCustomization.Lib.Base.FormController --- New controller of type OIGE registered.
2019-11-18 16:00:55.1862 ITNSBOCustomization.Lib.Base.FormController --- New controller of type _FU_P registered.
2019-11-18 16:00:55.2487 ITNSBOCustomization.Lib.Base.FormController --- New controller of type _FU_P registered.
2019-11-18 16:00:58.2174 ITNSBOCustomization.Lib.Base.FormController --- New controller of type OIGE registered.
2019-11-18 16:00:58.2642 ITNSBOCustomization.Lib.Core.Addon --- {"ClassName":"System.NullReferenceException","Message":"Object reference not set to an instance of an object.","Data":null,"InnerException":null,"HelpURL":null,"StackTraceString":"   at ITNSBOCustomization.Lib.Base.FormController.UnregisterController(FormController ControllerToUnregister)","RemoteStackTraceString":null,"RemoteStackIndex":0,"ExceptionMethod":"8\nUnregisterController\nITNSBOCustomization, Version=1.0.0.0, Culture=neutral, PublicKeyToken=null\nITNSBOCustomization.Lib.Base.FormController\nVoid UnregisterController(ITNSBOCustomization.Lib.Base.FormController)","HResult":-2147467261,"Source":"ITNSBOCustomization","WatsonBuckets":null}
2019-11-18 16:00:58.2955 ITNSBOCustomization.Lib.Base.FormController --- Adding fields for the object: OIGE
2019-11-18 16:00:58.4986 ITNSBOCustomization.Lib.Base.FormController --- New controller of type OIGE registered.
2019-11-18 16:02:39.2765 ITNSBOCustomization.Lib.Base.FormController --- New controller of type OWOR registered.
2019-11-18 16:02:39.3547 ITNSBOCustomization.Lib.Base.FormController --- Adding fields for the object: OWOR
2019-11-18 16:02:39.5890 ITNSBOCustomization.Lib.Base.FormController --- New controller of type OWOR registered.
2019-11-18 16:02:40.7452 ITNSBOCustomization.Lib.Base.FormController --- New controller of type OITT registered.
2019-11-18 16:02:40.8077 ITNSBOCustomization.Lib.Base.FormController --- New controller of type OITT registered.
2019-11-18 16:03:17.9940 ITNSBOCustomization.Lib.Base.FormController --- New controller of type _FU_P registered.
2019-11-18 16:03:18.0565 ITNSBOCustomization.Lib.Base.FormController --- New controller of type _FU_P registered.
2019-11-18 16:03:21.0252 ITNSBOCustomization.Lib.Core.Addon --- {"ClassName":"System.NullReferenceException","Message":"Object reference not set to an instance of an object.","Data":null,"InnerException":null,"HelpURL":null,"StackTraceString":"   at ITNSBOCustomization.Lib.Base.FormController.UnregisterController(FormController ControllerToUnregister)","RemoteStackTraceString":null,"RemoteStackIndex":0,"ExceptionMethod":"8\nUnregisterController\nITNSBOCustomization, Version=1.0.0.0, Culture=neutral, PublicKeyToken=null\nITNSBOCustomization.Lib.Base.FormController\nVoid UnregisterController(ITNSBOCustomization.Lib.Base.FormController)","HResult":-2147467261,"Source":"ITNSBOCustomization","WatsonBuckets":null}
2019-11-18 16:03:21.0877 ITNSBOCustomization.Lib.Base.FormController --- New controller of type OIGE registered.
2019-11-18 16:03:21.1658 ITNSBOCustomization.Lib.Base.FormController --- Adding fields for the object: OIGE
2019-11-18 16:03:21.3845 ITNSBOCustomization.Lib.Base.FormController --- New controller of type OIGE registered.
2019-11-18 16:04:39.1788 ITNSBOCustomization.Lib.Core.Addon --- {"ClassName":"System.NullReferenceException","Message":"Object reference not set to an instance of an object.","Data":null,"InnerException":null,"HelpURL":null,"StackTraceString":"   at ITNSBOCustomization.Lib.Base.FormController.UnregisterController(FormController ControllerToUnregister)","RemoteStackTraceString":null,"RemoteStackIndex":0,"ExceptionMethod":"8\nUnregisterController\nITNSBOCustomization, Version=1.0.0.0, Culture=neutral, PublicKeyToken=null\nITNSBOCustomization.Lib.Base.FormController\nVoid UnregisterController(ITNSBOCustomization.Lib.Base.FormController)","HResult":-2147467261,"Source":"ITNSBOCustomization","WatsonBuckets":null}
2019-11-18 16:04:52.2097 ITNSBOCustomization.Lib.Base.FormController --- New controller of type OWOR registered.
2019-11-18 16:04:52.2878 ITNSBOCustomization.Lib.Base.FormController --- Adding fields for the object: OWOR
2019-11-18 16:04:52.5065 ITNSBOCustomization.Lib.Base.FormController --- New controller of type OWOR registered.
2019-11-18 16:04:54.1315 ITNSBOCustomization.Lib.Base.FormController --- New controller of type OITT registered.
2019-11-18 16:04:54.1940 ITNSBOCustomization.Lib.Base.FormController --- New controller of type OITT registered.
2019-11-18 16:10:40.3232 ITNSBOCustomization.Lib.Base.FormController --- New controller of type OWOR registered.
2019-11-18 16:10:40.4013 ITNSBOCustomization.Lib.Base.FormController --- Adding fields for the object: OWOR
2019-11-18 16:10:40.6357 ITNSBOCustomization.Lib.Base.FormController --- New controller of type OWOR registered.
2019-11-18 16:10:40.7919 ITNSBOCustomization.Lib.Core.Addon --- {"ClassName":"System.NullReferenceException","Message":"Object reference not set to an instance of an object.","Data":null,"InnerException":null,"HelpURL":null,"StackTraceString":"   at ITNSBOCustomization.Lib.Base.FormController.UnregisterController(FormController ControllerToUnregister)","RemoteStackTraceString":null,"RemoteStackIndex":0,"ExceptionMethod":"8\nUnregisterController\nITNSBOCustomization, Version=1.0.0.0, Culture=neutral, PublicKeyToken=null\nITNSBOCustomization.Lib.Base.FormController\nVoid UnregisterController(ITNSBOCustomization.Lib.Base.FormController)","HResult":-2147467261,"Source":"ITNSBOCustomization","WatsonBuckets":null}
2019-11-18 16:11:04.5255 ITNSBOCustomization.Lib.Base.FormController --- New controller of type OWOR registered.
2019-11-18 16:11:04.5880 ITNSBOCustomization.Lib.Base.FormController --- Adding fields for the object: OWOR
2019-11-18 16:11:04.8380 ITNSBOCustomization.Lib.Base.FormController --- New controller of type OWOR registered.
2019-11-18 16:14:47.6354 ITNSBOCustomization.Lib.Core.Addon --- {"ClassName":"System.NullReferenceException","Message":"Object reference not set to an instance of an object.","Data":null,"InnerException":null,"HelpURL":null,"StackTraceString":"   at ITNSBOCustomization.Lib.Base.FormController.UnregisterController(FormController ControllerToUnregister)","RemoteStackTraceString":null,"RemoteStackIndex":0,"ExceptionMethod":"8\nUnregisterController\nITNSBOCustomization, Version=1.0.0.0, Culture=neutral, PublicKeyToken=null\nITNSBOCustomization.Lib.Base.FormController\nVoid UnregisterController(ITNSBOCustomization.Lib.Base.FormController)","HResult":-2147467261,"Source":"ITNSBOCustomization","WatsonBuckets":null}
2019-11-18 16:14:47.6354 ITNSBOCustomization.Lib.Core.Addon --- {"ClassName":"System.NullReferenceException","Message":"Object reference not set to an instance of an object.","Data":null,"InnerException":null,"HelpURL":null,"StackTraceString":"   at ITNSBOCustomization.Lib.Base.FormController.UnregisterController(FormController ControllerToUnregister)","RemoteStackTraceString":null,"RemoteStackIndex":0,"ExceptionMethod":"8\nUnregisterController\nITNSBOCustomization, Version=1.0.0.0, Culture=neutral, PublicKeyToken=null\nITNSBOCustomization.Lib.Base.FormController\nVoid UnregisterController(ITNSBOCustomization.Lib.Base.FormController)","HResult":-2147467261,"Source":"ITNSBOCustomization","WatsonBuckets":null}
2019-11-18 16:14:47.6374 ITNSBOCustomization.Lib.Core.Addon --- {"ClassName":"System.NullReferenceException","Message":"Object reference not set to an instance of an object.","Data":null,"InnerException":null,"HelpURL":null,"StackTraceString":"   at ITNSBOCustomization.Lib.Base.FormController.UnregisterController(FormController ControllerToUnregister)","RemoteStackTraceString":null,"RemoteStackIndex":0,"ExceptionMethod":"8\nUnregisterController\nITNSBOCustomization, Version=1.0.0.0, Culture=neutral, PublicKeyToken=null\nITNSBOCustomization.Lib.Base.FormController\nVoid UnregisterController(ITNSBOCustomization.Lib.Base.FormController)","HResult":-2147467261,"Source":"ITNSBOCustomization","WatsonBuckets":null}
2019-11-18 16:14:47.6374 ITNSBOCustomization.Lib.Core.Addon --- {"ClassName":"System.NullReferenceException","Message":"Object reference not set to an instance of an object.","Data":null,"InnerException":null,"HelpURL":null,"StackTraceString":"   at ITNSBOCustomization.Lib.Base.FormController.UnregisterController(FormController ControllerToUnregister)","RemoteStackTraceString":null,"RemoteStackIndex":0,"ExceptionMethod":"8\nUnregisterController\nITNSBOCustomization, Version=1.0.0.0, Culture=neutral, PublicKeyToken=null\nITNSBOCustomization.Lib.Base.FormController\nVoid UnregisterController(ITNSBOCustomization.Lib.Base.FormController)","HResult":-2147467261,"Source":"ITNSBOCustomization","WatsonBuckets":null}
2019-11-18 16:14:47.6374 ITNSBOCustomization.Lib.Core.Addon --- {"ClassName":"System.NullReferenceException","Message":"Object reference not set to an instance of an object.","Data":null,"InnerException":null,"HelpURL":null,"StackTraceString":"   at ITNSBOCustomization.Lib.Base.FormController.UnregisterController(FormController ControllerToUnregister)","RemoteStackTraceString":null,"RemoteStackIndex":0,"ExceptionMethod":"8\nUnregisterController\nITNSBOCustomization, Version=1.0.0.0, Culture=neutral, PublicKeyToken=null\nITNSBOCustomization.Lib.Base.FormController\nVoid UnregisterController(ITNSBOCustomization.Lib.Base.FormController)","HResult":-2147467261,"Source":"ITNSBOCustomization","WatsonBuckets":null}
2019-11-18 16:14:47.6374 ITNSBOCustomization.Lib.Core.Addon --- {"ClassName":"System.NullReferenceException","Message":"Object reference not set to an instance of an object.","Data":null,"InnerException":null,"HelpURL":null,"StackTraceString":"   at ITNSBOCustomization.Lib.Base.FormController.UnregisterController(FormController ControllerToUnregister)","RemoteStackTraceString":null,"RemoteStackIndex":0,"ExceptionMethod":"8\nUnregisterController\nITNSBOCustomization, Version=1.0.0.0, Culture=neutral, PublicKeyToken=null\nITNSBOCustomization.Lib.Base.FormController\nVoid UnregisterController(ITNSBOCustomization.Lib.Base.FormController)","HResult":-2147467261,"Source":"ITNSBOCustomization","WatsonBuckets":null}
2019-11-18 16:14:47.6374 ITNSBOCustomization.Lib.Core.Addon --- {"ClassName":"System.NullReferenceException","Message":"Object reference not set to an instance of an object.","Data":null,"InnerException":null,"HelpURL":null,"StackTraceString":"   at ITNSBOCustomization.Lib.Base.FormController.UnregisterController(FormController ControllerToUnregister)","RemoteStackTraceString":null,"RemoteStackIndex":0,"ExceptionMethod":"8\nUnregisterController\nITNSBOCustomization, Version=1.0.0.0, Culture=neutral, PublicKeyToken=null\nITNSBOCustomization.Lib.Base.FormController\nVoid UnregisterController(ITNSBOCustomization.Lib.Base.FormController)","HResult":-2147467261,"Source":"ITNSBOCustomization","WatsonBuckets":null}
