2019-12-08 10:21:03.5243 ITNSBOCustomization.Lib.Base.FormController --- New controller of type OIGE registered.
2019-12-08 10:21:04.3837 ITNSBOCustomization.Lib.Base.FormController --- Adding fields for the object: OIGE
2019-12-08 10:21:04.8524 ITNSBOCustomization.Lib.Base.FormController --- New controller of type OIGE registered.
2019-12-08 10:21:09.4307 ITNSBOCustomization.Lib.Base.FormController --- New controller of type OWOR registered.
2019-12-08 10:21:09.4932 ITNSBOCustomization.Lib.Base.FormController --- Adding fields for the object: OWOR
2019-12-08 10:21:09.7119 ITNSBOCustomization.Lib.Base.FormController --- New controller of type OWOR registered.
2019-12-08 10:21:11.0400 ITNSBOCustomization.Lib.Base.FormController --- New controller of type OITT registered.
2019-12-08 10:21:11.0869 ITNSBOCustomization.Lib.Base.FormController --- New controller of type OITT registered.
2019-12-08 10:24:50.9216 ITNSBOCustomization.Lib.Core.Addon --- {"ClassName":"System.NullReferenceException","Message":"Object reference not set to an instance of an object.","Data":null,"InnerException":null,"HelpURL":null,"StackTraceString":"   at ITNSBOCustomization.Lib.Base.FormController.UnregisterController(FormController ControllerToUnregister)","RemoteStackTraceString":null,"RemoteStackIndex":0,"ExceptionMethod":"8\nUnregisterController\nITNSBOCustomization, Version=1.0.0.0, Culture=neutral, PublicKeyToken=null\nITNSBOCustomization.Lib.Base.FormController\nVoid UnregisterController(ITNSBOCustomization.Lib.Base.FormController)","HResult":-2147467261,"Source":"ITNSBOCustomization","WatsonBuckets":null}
2019-12-08 10:24:50.9216 ITNSBOCustomization.Lib.Core.Addon --- {"ClassName":"System.NullReferenceException","Message":"Object reference not set to an instance of an object.","Data":null,"InnerException":null,"HelpURL":null,"StackTraceString":"   at ITNSBOCustomization.Lib.Base.FormController.UnregisterController(FormController ControllerToUnregister)","RemoteStackTraceString":null,"RemoteStackIndex":0,"ExceptionMethod":"8\nUnregisterController\nITNSBOCustomization, Version=1.0.0.0, Culture=neutral, PublicKeyToken=null\nITNSBOCustomization.Lib.Base.FormController\nVoid UnregisterController(ITNSBOCustomization.Lib.Base.FormController)","HResult":-2147467261,"Source":"ITNSBOCustomization","WatsonBuckets":null}
2019-12-08 10:25:34.3269 ITNSBOCustomization.Lib.Base.FormController --- New controller of type OITT registered.
2019-12-08 10:25:34.3737 ITNSBOCustomization.Lib.Base.FormController --- New controller of type OITT registered.
2019-12-08 10:26:29.2360 ITNSBOCustomization.Lib.Base.FormController --- New controller of type OWOR registered.
2019-12-08 10:26:29.3141 ITNSBOCustomization.Lib.Base.FormController --- Adding fields for the object: OWOR
2019-12-08 10:26:29.3298 ITNSBOCustomization.Lib.Core.Addon --- {"ClassName":"System.NullReferenceException","Message":"Object reference not set to an instance of an object.","Data":null,"InnerException":null,"HelpURL":null,"StackTraceString":"   at ITNSBOCustomization.Lib.Base.FormController.UnregisterController(FormController ControllerToUnregister)","RemoteStackTraceString":null,"RemoteStackIndex":0,"ExceptionMethod":"8\nUnregisterController\nITNSBOCustomization, Version=1.0.0.0, Culture=neutral, PublicKeyToken=null\nITNSBOCustomization.Lib.Base.FormController\nVoid UnregisterController(ITNSBOCustomization.Lib.Base.FormController)","HResult":-2147467261,"Source":"ITNSBOCustomization","WatsonBuckets":null}
2019-12-08 10:26:29.5172 ITNSBOCustomization.Lib.Base.FormController --- New controller of type OWOR registered.
2019-12-08 10:26:52.4246 ITNSBOCustomization.Lib.Base.FormController --- New controller of type OITT registered.
2019-12-08 10:26:52.4714 ITNSBOCustomization.Lib.Base.FormController --- New controller of type OITT registered.
2019-12-08 10:27:43.8961 ITNSBOCustomization.Lib.Core.Addon --- {"ClassName":"System.NullReferenceException","Message":"Object reference not set to an instance of an object.","Data":null,"InnerException":null,"HelpURL":null,"StackTraceString":"   at ITNSBOCustomization.Lib.Base.FormController.UnregisterController(FormController ControllerToUnregister)","RemoteStackTraceString":null,"RemoteStackIndex":0,"ExceptionMethod":"8\nUnregisterController\nITNSBOCustomization, Version=1.0.0.0, Culture=neutral, PublicKeyToken=null\nITNSBOCustomization.Lib.Base.FormController\nVoid UnregisterController(ITNSBOCustomization.Lib.Base.FormController)","HResult":-2147467261,"Source":"ITNSBOCustomization","WatsonBuckets":null}
2019-12-08 10:28:20.1330 ITNSBOCustomization.Lib.Core.Addon --- {"ClassName":"System.InvalidCastException","Message":"Unable to cast COM object of type 'System.__ComObject' to interface type 'SAPbobsCOM.Documents'. This operation failed because the QueryInterface call on the COM component for the interface with IID '{A6DA575B-E105-4585-9F4B-50CC4044EEDD}' failed due to the following error: No such interface supported (Exception from HRESULT: 0x80004002 (E_NOINTERFACE)).","Data":null,"InnerException":null,"HelpURL":null,"StackTraceString":"   at ITNSBOCustomization.NPLocalization.Controllers.LocalizationController.updateJournalEntry(Company oCompany, Boolean& success, BusinessObjectInfo boInf)","RemoteStackTraceString":null,"RemoteStackIndex":0,"ExceptionMethod":"8\nupdateJournalEntry\nNPLocalization, Version=1.0.0.0, Culture=neutral, PublicKeyToken=null\nITNSBOCustomization.NPLocalization.Controllers.LocalizationController\nVoid updateJournalEntry(SAPbobsCOM.Company, Boolean ByRef, SAPbouiCOM.BusinessObjectInfo)","HResult":-2147467262,"Source":"NPLocalization","WatsonBuckets":null}
2019-12-08 10:28:43.7590 ITNSBOCustomization.Lib.Base.FormController --- New controller of type _FU_P registered.
2019-12-08 10:28:43.8215 ITNSBOCustomization.Lib.Base.FormController --- New controller of type _FU_P registered.
2019-12-08 10:28:46.5404 ITNSBOCustomization.Lib.Base.FormController --- New controller of type OIGE registered.
2019-12-08 10:28:46.6185 ITNSBOCustomization.Lib.Base.FormController --- Adding fields for the object: OIGE
2019-12-08 10:28:46.8060 ITNSBOCustomization.Lib.Base.FormController --- New controller of type OIGE registered.
2019-12-08 10:29:09.5563 ITNSBOCustomization.Lib.Core.Addon --- {"ClassName":"System.NullReferenceException","Message":"Object reference not set to an instance of an object.","Data":null,"InnerException":null,"HelpURL":null,"StackTraceString":"   at ITNSBOCustomization.Lib.Base.FormController.UnregisterController(FormController ControllerToUnregister)","RemoteStackTraceString":null,"RemoteStackIndex":0,"ExceptionMethod":"8\nUnregisterController\nITNSBOCustomization, Version=1.0.0.0, Culture=neutral, PublicKeyToken=null\nITNSBOCustomization.Lib.Base.FormController\nVoid UnregisterController(ITNSBOCustomization.Lib.Base.FormController)","HResult":-2147467261,"Source":"ITNSBOCustomization","WatsonBuckets":null}
2019-12-08 10:29:49.4173 ITNSBOCustomization.Lib.Base.FormController --- New controller of type _FU_P registered.
2019-12-08 10:29:49.4798 ITNSBOCustomization.Lib.Base.FormController --- New controller of type _FU_P registered.
2019-12-08 10:29:52.3079 ITNSBOCustomization.Lib.Base.FormController --- New controller of type OIGE registered.
2019-12-08 10:29:52.3861 ITNSBOCustomization.Lib.Base.FormController --- Adding fields for the object: OIGE
2019-12-08 10:29:52.5892 ITNSBOCustomization.Lib.Base.FormController --- New controller of type OIGE registered.
2019-12-08 10:30:12.7926 ITNSBOCustomization.Lib.Core.Addon --- {"ClassName":"System.NullReferenceException","Message":"Object reference not set to an instance of an object.","Data":null,"InnerException":null,"HelpURL":null,"StackTraceString":"   at ITNSBOCustomization.Lib.Base.FormController.UnregisterController(FormController ControllerToUnregister)","RemoteStackTraceString":null,"RemoteStackIndex":0,"ExceptionMethod":"8\nUnregisterController\nITNSBOCustomization, Version=1.0.0.0, Culture=neutral, PublicKeyToken=null\nITNSBOCustomization.Lib.Base.FormController\nVoid UnregisterController(ITNSBOCustomization.Lib.Base.FormController)","HResult":-2147467261,"Source":"ITNSBOCustomization","WatsonBuckets":null}
2019-12-08 10:30:41.1054 ITNSBOCustomization.Lib.Base.FormController --- New controller of type _FU_P registered.
2019-12-08 10:30:41.1678 ITNSBOCustomization.Lib.Base.FormController --- New controller of type _FU_P registered.
2019-12-08 10:30:43.7148 ITNSBOCustomization.Lib.Base.FormController --- New controller of type OIGE registered.
2019-12-08 10:30:43.7773 ITNSBOCustomization.Lib.Base.FormController --- Adding fields for the object: OIGE
2019-12-08 10:30:43.9961 ITNSBOCustomization.Lib.Base.FormController --- New controller of type OIGE registered.
2019-12-08 10:31:09.8871 ITNSBOCustomization.Lib.Core.Addon --- {"ClassName":"System.NullReferenceException","Message":"Object reference not set to an instance of an object.","Data":null,"InnerException":null,"HelpURL":null,"StackTraceString":"   at ITNSBOCustomization.Lib.Base.FormController.UnregisterController(FormController ControllerToUnregister)","RemoteStackTraceString":null,"RemoteStackIndex":0,"ExceptionMethod":"8\nUnregisterController\nITNSBOCustomization, Version=1.0.0.0, Culture=neutral, PublicKeyToken=null\nITNSBOCustomization.Lib.Base.FormController\nVoid UnregisterController(ITNSBOCustomization.Lib.Base.FormController)","HResult":-2147467261,"Source":"ITNSBOCustomization","WatsonBuckets":null}
2019-12-08 10:33:12.9872 ITNSBOCustomization.Lib.Base.FormController --- New controller of type OIGN registered.
2019-12-08 10:33:13.0653 ITNSBOCustomization.Lib.Base.FormController --- Adding fields for the object: OIGN
2019-12-08 10:33:13.2528 ITNSBOCustomization.Lib.Base.FormController --- New controller of type OIGN registered.
2019-12-08 10:34:09.1313 ITNSBOCustomization.Lib.Base.FormController --- New controller of type OWOR registered.
2019-12-08 10:34:09.1938 ITNSBOCustomization.Lib.Base.FormController --- Adding fields for the object: OWOR
2019-12-08 10:34:09.4594 ITNSBOCustomization.Lib.Base.FormController --- New controller of type OWOR registered.
2019-12-08 10:34:09.5375 ITNSBOCustomization.Lib.Core.Addon --- {"ClassName":"System.NullReferenceException","Message":"Object reference not set to an instance of an object.","Data":null,"InnerException":null,"HelpURL":null,"StackTraceString":"   at ITNSBOCustomization.Lib.Base.FormController.UnregisterController(FormController ControllerToUnregister)","RemoteStackTraceString":null,"RemoteStackIndex":0,"ExceptionMethod":"8\nUnregisterController\nITNSBOCustomization, Version=1.0.0.0, Culture=neutral, PublicKeyToken=null\nITNSBOCustomization.Lib.Base.FormController\nVoid UnregisterController(ITNSBOCustomization.Lib.Base.FormController)","HResult":-2147467261,"Source":"ITNSBOCustomization","WatsonBuckets":null}
2019-12-08 10:34:10.1781 ITNSBOCustomization.Lib.Base.FormController --- New controller of type OITT registered.
2019-12-08 10:34:10.2406 ITNSBOCustomization.Lib.Base.FormController --- New controller of type OITT registered.
2019-12-08 10:34:33.5236 ITNSBOCustomization.Lib.Base.FormController --- New controller of type OITM registered.
2019-12-08 10:34:33.5705 ITNSBOCustomization.Lib.Base.FormController --- New controller of type OITM registered.
2019-12-08 10:34:34.6486 ITNSBOCustomization.Lib.Base.FormController --- New controller of type OITM registered.
2019-12-08 10:34:34.7111 ITNSBOCustomization.Lib.Base.FormController --- New controller of type OITM registered.
2019-12-08 10:34:47.2437 ITNSBOCustomization.Lib.Core.Addon --- {"ClassName":"System.NullReferenceException","Message":"Object reference not set to an instance of an object.","Data":null,"InnerException":null,"HelpURL":null,"StackTraceString":"   at ITNSBOCustomization.Lib.Base.FormController.UnregisterController(FormController ControllerToUnregister)","RemoteStackTraceString":null,"RemoteStackIndex":0,"ExceptionMethod":"8\nUnregisterController\nITNSBOCustomization, Version=1.0.0.0, Culture=neutral, PublicKeyToken=null\nITNSBOCustomization.Lib.Base.FormController\nVoid UnregisterController(ITNSBOCustomization.Lib.Base.FormController)","HResult":-2147467261,"Source":"ITNSBOCustomization","WatsonBuckets":null}
2019-12-08 10:34:47.2437 ITNSBOCustomization.Lib.Core.Addon --- {"ClassName":"System.NullReferenceException","Message":"Object reference not set to an instance of an object.","Data":null,"InnerException":null,"HelpURL":null,"StackTraceString":"   at ITNSBOCustomization.Lib.Base.FormController.UnregisterController(FormController ControllerToUnregister)","RemoteStackTraceString":null,"RemoteStackIndex":0,"ExceptionMethod":"8\nUnregisterController\nITNSBOCustomization, Version=1.0.0.0, Culture=neutral, PublicKeyToken=null\nITNSBOCustomization.Lib.Base.FormController\nVoid UnregisterController(ITNSBOCustomization.Lib.Base.FormController)","HResult":-2147467261,"Source":"ITNSBOCustomization","WatsonBuckets":null}
2019-12-08 10:34:47.2437 ITNSBOCustomization.Lib.Core.Addon --- {"ClassName":"System.NullReferenceException","Message":"Object reference not set to an instance of an object.","Data":null,"InnerException":null,"HelpURL":null,"StackTraceString":"   at ITNSBOCustomization.Lib.Base.FormController.UnregisterController(FormController ControllerToUnregister)","RemoteStackTraceString":null,"RemoteStackIndex":0,"ExceptionMethod":"8\nUnregisterController\nITNSBOCustomization, Version=1.0.0.0, Culture=neutral, PublicKeyToken=null\nITNSBOCustomization.Lib.Base.FormController\nVoid UnregisterController(ITNSBOCustomization.Lib.Base.FormController)","HResult":-2147467261,"Source":"ITNSBOCustomization","WatsonBuckets":null}
2019-12-08 10:34:49.0408 ITNSBOCustomization.Lib.Base.FormController --- New controller of type OWOR registered.
2019-12-08 10:34:49.1189 ITNSBOCustomization.Lib.Base.FormController --- Adding fields for the object: OWOR
2019-12-08 10:34:49.3377 ITNSBOCustomization.Lib.Base.FormController --- New controller of type OWOR registered.
2019-12-08 10:34:55.0879 ITNSBOCustomization.Lib.Base.FormController --- New controller of type OWOR registered.
2019-12-08 10:34:55.1504 ITNSBOCustomization.Lib.Base.FormController --- Adding fields for the object: OWOR
2019-12-08 10:34:55.3691 ITNSBOCustomization.Lib.Base.FormController --- New controller of type OWOR registered.
2019-12-08 10:35:05.4166 ITNSBOCustomization.Lib.Base.FormController --- New controller of type OITM registered.
2019-12-08 10:35:05.4635 ITNSBOCustomization.Lib.Base.FormController --- New controller of type OITM registered.
2019-12-08 10:35:06.5103 ITNSBOCustomization.Lib.Base.FormController --- New controller of type OITM registered.
2019-12-08 10:35:06.5572 ITNSBOCustomization.Lib.Base.FormController --- New controller of type OITM registered.
2019-12-08 10:35:27.5894 ITNSBOCustomization.Lib.Base.FormController --- New controller of type OITM registered.
2019-12-08 10:35:27.6363 ITNSBOCustomization.Lib.Base.FormController --- New controller of type OITM registered.
2019-12-08 10:35:28.7456 ITNSBOCustomization.Lib.Base.FormController --- New controller of type OITM registered.
2019-12-08 10:35:28.8081 ITNSBOCustomization.Lib.Base.FormController --- New controller of type OITM registered.
2019-12-08 10:35:46.7775 ITNSBOCustomization.Lib.Base.FormController --- New controller of type OITM registered.
2019-12-08 10:35:46.8400 ITNSBOCustomization.Lib.Base.FormController --- New controller of type OITM registered.
2019-12-08 10:35:47.9338 ITNSBOCustomization.Lib.Base.FormController --- New controller of type OITM registered.
2019-12-08 10:35:47.9806 ITNSBOCustomization.Lib.Base.FormController --- New controller of type OITM registered.
2019-12-08 16:49:31.6688 ITNSBOCustomization.Lib.Base.FormController --- New controller of type OWOR registered.
2019-12-08 16:49:32.4344 ITNSBOCustomization.Lib.Base.FormController --- Adding fields for the object: OWOR
2019-12-08 16:49:32.6844 ITNSBOCustomization.Lib.Base.FormController --- New controller of type OWOR registered.
2019-12-08 16:50:54.3563 ITNSBOCustomization.Lib.Core.Addon --- {"ClassName":"System.NullReferenceException","Message":"Object reference not set to an instance of an object.","Data":null,"InnerException":null,"HelpURL":null,"StackTraceString":"   at ITNSBOCustomization.Lib.Base.FormController.UnregisterController(FormController ControllerToUnregister)","RemoteStackTraceString":null,"RemoteStackIndex":0,"ExceptionMethod":"8\nUnregisterController\nITNSBOCustomization, Version=1.0.0.0, Culture=neutral, PublicKeyToken=null\nITNSBOCustomization.Lib.Base.FormController\nVoid UnregisterController(ITNSBOCustomization.Lib.Base.FormController)","HResult":-2147467261,"Source":"ITNSBOCustomization","WatsonBuckets":null}
2019-12-08 16:50:54.4345 ITNSBOCustomization.Lib.Base.FormController --- New controller of type OWOR registered.
2019-12-08 16:50:54.4657 ITNSBOCustomization.Lib.Base.FormController --- Adding fields for the object: OWOR
2019-12-08 16:50:54.5751 ITNSBOCustomization.Lib.Base.FormController --- New controller of type OWOR registered.
2019-12-08 16:51:02.0907 ITNSBOCustomization.Lib.Base.FormController --- New controller of type OWOR registered.
2019-12-08 16:51:02.1219 ITNSBOCustomization.Lib.Base.FormController --- Adding fields for the object: OWOR
2019-12-08 16:51:02.2313 ITNSBOCustomization.Lib.Base.FormController --- New controller of type OWOR registered.
2019-12-08 16:54:01.7456 ITNSBOCustomization.Lib.Base.FormController --- New controller of type _FU_P registered.
2019-12-08 16:54:01.7768 ITNSBOCustomization.Lib.Base.FormController --- New controller of type _FU_P registered.
2019-12-08 16:54:05.3237 ITNSBOCustomization.Lib.Base.FormController --- New controller of type OIGE registered.
2019-12-08 16:54:05.3549 ITNSBOCustomization.Lib.Base.FormController --- Adding fields for the object: OIGE
2019-12-08 16:54:05.4487 ITNSBOCustomization.Lib.Base.FormController --- New controller of type OIGE registered.
2019-12-08 16:55:16.2770 ITNSBOCustomization.Lib.Core.Addon --- {"ClassName":"System.NullReferenceException","Message":"Object reference not set to an instance of an object.","Data":null,"InnerException":null,"HelpURL":null,"StackTraceString":"   at ITNSBOCustomization.Lib.Base.FormController.UnregisterController(FormController ControllerToUnregister)","RemoteStackTraceString":null,"RemoteStackIndex":0,"ExceptionMethod":"8\nUnregisterController\nITNSBOCustomization, Version=1.0.0.0, Culture=neutral, PublicKeyToken=null\nITNSBOCustomization.Lib.Base.FormController\nVoid UnregisterController(ITNSBOCustomization.Lib.Base.FormController)","HResult":-2147467261,"Source":"ITNSBOCustomization","WatsonBuckets":null}
2019-12-08 16:55:16.2770 ITNSBOCustomization.Lib.Core.Addon --- {"ClassName":"System.NullReferenceException","Message":"Object reference not set to an instance of an object.","Data":null,"InnerException":null,"HelpURL":null,"StackTraceString":"   at ITNSBOCustomization.Lib.Base.FormController.UnregisterController(FormController ControllerToUnregister)","RemoteStackTraceString":null,"RemoteStackIndex":0,"ExceptionMethod":"8\nUnregisterController\nITNSBOCustomization, Version=1.0.0.0, Culture=neutral, PublicKeyToken=null\nITNSBOCustomization.Lib.Base.FormController\nVoid UnregisterController(ITNSBOCustomization.Lib.Base.FormController)","HResult":-2147467261,"Source":"ITNSBOCustomization","WatsonBuckets":null}
2019-12-08 16:55:21.2145 ITNSBOCustomization.Lib.Base.FormController --- New controller of type OWOR registered.
2019-12-08 16:55:21.2457 ITNSBOCustomization.Lib.Base.FormController --- Adding fields for the object: OWOR
2019-12-08 16:55:21.3707 ITNSBOCustomization.Lib.Base.FormController --- New controller of type OWOR registered.
2019-12-08 16:55:22.1051 ITNSBOCustomization.Lib.Base.FormController --- New controller of type OITT registered.
2019-12-08 16:55:22.1363 ITNSBOCustomization.Lib.Base.FormController --- New controller of type OITT registered.
2019-12-08 17:22:22.9831 ITNSBOCustomization.Lib.Core.Addon --- {"ClassName":"System.NullReferenceException","Message":"Object reference not set to an instance of an object.","Data":null,"InnerException":null,"HelpURL":null,"StackTraceString":"   at ITNSBOCustomization.Lib.Base.FormController.UnregisterController(FormController ControllerToUnregister)","RemoteStackTraceString":null,"RemoteStackIndex":0,"ExceptionMethod":"8\nUnregisterController\nITNSBOCustomization, Version=1.0.0.0, Culture=neutral, PublicKeyToken=null\nITNSBOCustomization.Lib.Base.FormController\nVoid UnregisterController(ITNSBOCustomization.Lib.Base.FormController)","HResult":-2147467261,"Source":"ITNSBOCustomization","WatsonBuckets":null}
2019-12-08 17:22:22.9988 ITNSBOCustomization.Lib.Core.Addon --- {"ClassName":"System.NullReferenceException","Message":"Object reference not set to an instance of an object.","Data":null,"InnerException":null,"HelpURL":null,"StackTraceString":"   at ITNSBOCustomization.Lib.Base.FormController.UnregisterController(FormController ControllerToUnregister)","RemoteStackTraceString":null,"RemoteStackIndex":0,"ExceptionMethod":"8\nUnregisterController\nITNSBOCustomization, Version=1.0.0.0, Culture=neutral, PublicKeyToken=null\nITNSBOCustomization.Lib.Base.FormController\nVoid UnregisterController(ITNSBOCustomization.Lib.Base.FormController)","HResult":-2147467261,"Source":"ITNSBOCustomization","WatsonBuckets":null}
2019-12-08 17:22:22.9988 ITNSBOCustomization.Lib.Core.Addon --- {"ClassName":"System.NullReferenceException","Message":"Object reference not set to an instance of an object.","Data":null,"InnerException":null,"HelpURL":null,"StackTraceString":"   at ITNSBOCustomization.Lib.Base.FormController.UnregisterController(FormController ControllerToUnregister)","RemoteStackTraceString":null,"RemoteStackIndex":0,"ExceptionMethod":"8\nUnregisterController\nITNSBOCustomization, Version=1.0.0.0, Culture=neutral, PublicKeyToken=null\nITNSBOCustomization.Lib.Base.FormController\nVoid UnregisterController(ITNSBOCustomization.Lib.Base.FormController)","HResult":-2147467261,"Source":"ITNSBOCustomization","WatsonBuckets":null}
