2019-11-29 09:35:57.2446 ITNSBOCustomization.Lib.Base.FormController --- New controller of type OWOR registered.
2019-11-29 09:35:57.8852 ITNSBOCustomization.Lib.Base.FormController --- Adding fields for the object: OWOR
2019-11-29 09:35:58.1820 ITNSBOCustomization.Lib.Base.FormController --- New controller of type OWOR registered.
2019-11-29 09:36:32.1966 ITNSBOCustomization.Lib.Base.FormController --- New controller of type OWOR registered.
2019-11-29 09:36:32.2435 ITNSBOCustomization.Lib.Base.FormController --- Adding fields for the object: OWOR
2019-11-29 09:36:32.3998 ITNSBOCustomization.Lib.Base.FormController --- New controller of type OWOR registered.
2019-11-29 09:36:33.2122 ITNSBOCustomization.Lib.Base.FormController --- New controller of type OITT registered.
2019-11-29 09:36:33.2435 ITNSBOCustomization.Lib.Base.FormController --- New controller of type OITT registered.
2019-11-29 09:37:32.2729 ITNSBOCustomization.Lib.Base.FormController --- New controller of type _FU_P registered.
2019-11-29 09:37:32.3198 ITNSBOCustomization.Lib.Base.FormController --- New controller of type _FU_P registered.
2019-11-29 09:37:32.5854 ITNSBOCustomization.Lib.Core.Addon --- {"ClassName":"System.NullReferenceException","Message":"Object reference not set to an instance of an object.","Data":null,"InnerException":null,"HelpURL":null,"StackTraceString":"   at ITNSBOCustomization.Lib.Base.FormController.UnregisterController(FormController ControllerToUnregister)","RemoteStackTraceString":null,"RemoteStackIndex":0,"ExceptionMethod":"8\nUnregisterController\nITNSBOCustomization, Version=1.0.0.0, Culture=neutral, PublicKeyToken=null\nITNSBOCustomization.Lib.Base.FormController\nVoid UnregisterController(ITNSBOCustomization.Lib.Base.FormController)","HResult":-2147467261,"Source":"ITNSBOCustomization","WatsonBuckets":null}
2019-11-29 09:37:35.3354 ITNSBOCustomization.Lib.Base.FormController --- New controller of type OIGE registered.
2019-11-29 09:37:35.3666 ITNSBOCustomization.Lib.Base.FormController --- Adding fields for the object: OIGE
2019-11-29 09:37:35.4916 ITNSBOCustomization.Lib.Base.FormController --- New controller of type OIGE registered.
2019-11-29 09:38:03.8657 ITNSBOCustomization.Lib.Base.FormController --- New controller of type _FU_P registered.
2019-11-29 09:38:03.8814 ITNSBOCustomization.Lib.Base.FormController --- New controller of type _FU_P registered.
2019-11-29 09:38:06.1001 ITNSBOCustomization.Lib.Base.FormController --- New controller of type OIGE registered.
2019-11-29 09:38:06.1782 ITNSBOCustomization.Lib.Base.FormController --- Adding fields for the object: OIGE
2019-11-29 09:38:06.1782 ITNSBOCustomization.Lib.Core.Addon --- {"ClassName":"System.NullReferenceException","Message":"Object reference not set to an instance of an object.","Data":null,"InnerException":null,"HelpURL":null,"StackTraceString":"   at ITNSBOCustomization.Lib.Base.FormController.UnregisterController(FormController ControllerToUnregister)","RemoteStackTraceString":null,"RemoteStackIndex":0,"ExceptionMethod":"8\nUnregisterController\nITNSBOCustomization, Version=1.0.0.0, Culture=neutral, PublicKeyToken=null\nITNSBOCustomization.Lib.Base.FormController\nVoid UnregisterController(ITNSBOCustomization.Lib.Base.FormController)","HResult":-2147467261,"Source":"ITNSBOCustomization","WatsonBuckets":null}
2019-11-29 09:38:06.2875 ITNSBOCustomization.Lib.Base.FormController --- New controller of type OIGE registered.
2019-11-29 09:39:32.6599 ITNSBOCustomization.Lib.Base.FormController --- New controller of type OWOR registered.
2019-11-29 09:39:32.6912 ITNSBOCustomization.Lib.Base.FormController --- Adding fields for the object: OWOR
2019-11-29 09:39:32.8474 ITNSBOCustomization.Lib.Base.FormController --- New controller of type OWOR registered.
2019-11-29 09:39:33.6130 ITNSBOCustomization.Lib.Base.FormController --- New controller of type OITT registered.
2019-11-29 09:39:33.6443 ITNSBOCustomization.Lib.Base.FormController --- New controller of type OITT registered.
2019-11-29 09:43:28.1685 ITNSBOCustomization.Lib.Core.Addon --- {"ClassName":"System.NullReferenceException","Message":"Object reference not set to an instance of an object.","Data":null,"InnerException":null,"HelpURL":null,"StackTraceString":"   at ITNSBOCustomization.Lib.Base.FormController.UnregisterController(FormController ControllerToUnregister)","RemoteStackTraceString":null,"RemoteStackIndex":0,"ExceptionMethod":"8\nUnregisterController\nITNSBOCustomization, Version=1.0.0.0, Culture=neutral, PublicKeyToken=null\nITNSBOCustomization.Lib.Base.FormController\nVoid UnregisterController(ITNSBOCustomization.Lib.Base.FormController)","HResult":-2147467261,"Source":"ITNSBOCustomization","WatsonBuckets":null}
2019-11-29 09:43:28.1841 ITNSBOCustomization.Lib.Core.Addon --- {"ClassName":"System.NullReferenceException","Message":"Object reference not set to an instance of an object.","Data":null,"InnerException":null,"HelpURL":null,"StackTraceString":"   at ITNSBOCustomization.Lib.Base.FormController.UnregisterController(FormController ControllerToUnregister)","RemoteStackTraceString":null,"RemoteStackIndex":0,"ExceptionMethod":"8\nUnregisterController\nITNSBOCustomization, Version=1.0.0.0, Culture=neutral, PublicKeyToken=null\nITNSBOCustomization.Lib.Base.FormController\nVoid UnregisterController(ITNSBOCustomization.Lib.Base.FormController)","HResult":-2147467261,"Source":"ITNSBOCustomization","WatsonBuckets":null}
2019-11-29 09:43:28.1997 ITNSBOCustomization.Lib.Core.Addon --- {"ClassName":"System.NullReferenceException","Message":"Object reference not set to an instance of an object.","Data":null,"InnerException":null,"HelpURL":null,"StackTraceString":"   at ITNSBOCustomization.Lib.Base.FormController.UnregisterController(FormController ControllerToUnregister)","RemoteStackTraceString":null,"RemoteStackIndex":0,"ExceptionMethod":"8\nUnregisterController\nITNSBOCustomization, Version=1.0.0.0, Culture=neutral, PublicKeyToken=null\nITNSBOCustomization.Lib.Base.FormController\nVoid UnregisterController(ITNSBOCustomization.Lib.Base.FormController)","HResult":-2147467261,"Source":"ITNSBOCustomization","WatsonBuckets":null}
2019-11-29 10:28:32.7587 ITNSBOCustomization.Lib.Base.FormController --- New controller of type  registered.
2019-11-29 10:28:32.8056 ITNSBOCustomization.Lib.Base.FormController --- New controller of type  registered.
2019-11-29 16:15:51.2089 ITNSBOCustomization.Lib.Base.FormController --- New controller of type OWOR registered.
2019-11-29 16:15:51.9901 ITNSBOCustomization.Lib.Base.FormController --- Adding fields for the object: OWOR
2019-11-29 16:15:52.4432 ITNSBOCustomization.Lib.Base.FormController --- New controller of type OWOR registered.
2019-11-29 16:17:03.5973 ITNSBOCustomization.Lib.Base.FormController --- New controller of type _FU_P registered.
2019-11-29 16:17:03.6598 ITNSBOCustomization.Lib.Base.FormController --- New controller of type _FU_P registered.
2019-11-29 16:17:09.7065 ITNSBOCustomization.Lib.Base.FormController --- New controller of type OIGE registered.
2019-11-29 16:17:09.7846 ITNSBOCustomization.Lib.Base.FormController --- Adding fields for the object: OIGE
2019-11-29 16:17:10.0034 ITNSBOCustomization.Lib.Base.FormController --- New controller of type OIGE registered.
2019-11-29 16:19:15.4683 ITNSBOCustomization.Lib.Core.Addon --- {"ClassName":"System.NullReferenceException","Message":"Object reference not set to an instance of an object.","Data":null,"InnerException":null,"HelpURL":null,"StackTraceString":"   at ITNSBOCustomization.Lib.Base.FormController.UnregisterController(FormController ControllerToUnregister)","RemoteStackTraceString":null,"RemoteStackIndex":0,"ExceptionMethod":"8\nUnregisterController\nITNSBOCustomization, Version=1.0.0.0, Culture=neutral, PublicKeyToken=null\nITNSBOCustomization.Lib.Base.FormController\nVoid UnregisterController(ITNSBOCustomization.Lib.Base.FormController)","HResult":-2147467261,"Source":"ITNSBOCustomization","WatsonBuckets":null}
2019-11-29 16:19:35.4365 ITNSBOCustomization.Lib.Core.Addon --- {"ClassName":"System.NullReferenceException","Message":"Object reference not set to an instance of an object.","Data":null,"InnerException":null,"HelpURL":null,"StackTraceString":"   at ITNSBOCustomization.Lib.Base.FormController.UnregisterController(FormController ControllerToUnregister)","RemoteStackTraceString":null,"RemoteStackIndex":0,"ExceptionMethod":"8\nUnregisterController\nITNSBOCustomization, Version=1.0.0.0, Culture=neutral, PublicKeyToken=null\nITNSBOCustomization.Lib.Base.FormController\nVoid UnregisterController(ITNSBOCustomization.Lib.Base.FormController)","HResult":-2147467261,"Source":"ITNSBOCustomization","WatsonBuckets":null}
2019-11-29 16:20:04.3584 ITNSBOCustomization.Lib.Base.FormController --- New controller of type OWOR registered.
2019-11-29 16:20:04.4522 ITNSBOCustomization.Lib.Base.FormController --- Adding fields for the object: OWOR
2019-11-29 16:20:04.6553 ITNSBOCustomization.Lib.Base.FormController --- New controller of type OWOR registered.
2019-11-29 16:20:06.5146 ITNSBOCustomization.Lib.Base.FormController --- New controller of type OITT registered.
2019-11-29 16:20:06.5615 ITNSBOCustomization.Lib.Base.FormController --- New controller of type OITT registered.
2019-11-29 16:41:52.2407 ITNSBOCustomization.Lib.Core.Addon --- {"ClassName":"System.NullReferenceException","Message":"Object reference not set to an instance of an object.","Data":null,"InnerException":null,"HelpURL":null,"StackTraceString":"   at ITNSBOCustomization.Lib.Base.FormController.UnregisterController(FormController ControllerToUnregister)","RemoteStackTraceString":null,"RemoteStackIndex":0,"ExceptionMethod":"8\nUnregisterController\nITNSBOCustomization, Version=1.0.0.0, Culture=neutral, PublicKeyToken=null\nITNSBOCustomization.Lib.Base.FormController\nVoid UnregisterController(ITNSBOCustomization.Lib.Base.FormController)","HResult":-2147467261,"Source":"ITNSBOCustomization","WatsonBuckets":null}
2019-11-29 16:41:52.2876 ITNSBOCustomization.Lib.Core.Addon --- {"ClassName":"System.NullReferenceException","Message":"Object reference not set to an instance of an object.","Data":null,"InnerException":null,"HelpURL":null,"StackTraceString":"   at ITNSBOCustomization.Lib.Base.FormController.UnregisterController(FormController ControllerToUnregister)","RemoteStackTraceString":null,"RemoteStackIndex":0,"ExceptionMethod":"8\nUnregisterController\nITNSBOCustomization, Version=1.0.0.0, Culture=neutral, PublicKeyToken=null\nITNSBOCustomization.Lib.Base.FormController\nVoid UnregisterController(ITNSBOCustomization.Lib.Base.FormController)","HResult":-2147467261,"Source":"ITNSBOCustomization","WatsonBuckets":null}
2019-11-29 16:41:52.2876 ITNSBOCustomization.Lib.Core.Addon --- {"ClassName":"System.NullReferenceException","Message":"Object reference not set to an instance of an object.","Data":null,"InnerException":null,"HelpURL":null,"StackTraceString":"   at ITNSBOCustomization.Lib.Base.FormController.UnregisterController(FormController ControllerToUnregister)","RemoteStackTraceString":null,"RemoteStackIndex":0,"ExceptionMethod":"8\nUnregisterController\nITNSBOCustomization, Version=1.0.0.0, Culture=neutral, PublicKeyToken=null\nITNSBOCustomization.Lib.Base.FormController\nVoid UnregisterController(ITNSBOCustomization.Lib.Base.FormController)","HResult":-2147467261,"Source":"ITNSBOCustomization","WatsonBuckets":null}
2019-11-29 16:45:50.8585 ITNSBOCustomization.Lib.Base.FormController --- New controller of type OWOR registered.
2019-11-29 16:45:50.9366 ITNSBOCustomization.Lib.Base.FormController --- Adding fields for the object: OWOR
2019-11-29 16:45:51.1710 ITNSBOCustomization.Lib.Base.FormController --- New controller of type OWOR registered.
