2019-11-25 15:42:54.0223 ITNSBOCustomization.Lib.Base.FormController --- New controller of type OIGE registered.
2019-11-25 15:42:55.4753 ITNSBOCustomization.Lib.Base.FormController --- Adding fields for the object: OIGE
2019-11-25 15:42:56.1159 ITNSBOCustomization.Lib.Base.FormController --- New controller of type OIGE registered.
2019-11-25 15:43:05.1000 ITNSBOCustomization.Lib.Base.FormController --- New controller of type OWOR registered.
2019-11-25 15:43:05.1782 ITNSBOCustomization.Lib.Base.FormController --- Adding fields for the object: OWOR
2019-11-25 15:43:05.4750 ITNSBOCustomization.Lib.Base.FormController --- New controller of type OWOR registered.
2019-11-25 15:43:36.6771 ITNSBOCustomization.Lib.Base.FormController --- New controller of type _FU_P registered.
2019-11-25 15:43:36.6771 ITNSBOCustomization.Lib.Core.Addon --- {"ClassName":"System.NullReferenceException","Message":"Object reference not set to an instance of an object.","Data":null,"InnerException":null,"HelpURL":null,"StackTraceString":"   at ITNSBOCustomization.Lib.Base.FormController.UnregisterController(FormController ControllerToUnregister)","RemoteStackTraceString":null,"RemoteStackIndex":0,"ExceptionMethod":"8\nUnregisterController\nITNSBOCustomization, Version=1.0.0.0, Culture=neutral, PublicKeyToken=null\nITNSBOCustomization.Lib.Base.FormController\nVoid UnregisterController(ITNSBOCustomization.Lib.Base.FormController)","HResult":-2147467261,"Source":"ITNSBOCustomization","WatsonBuckets":null}
2019-11-25 15:43:36.7396 ITNSBOCustomization.Lib.Base.FormController --- New controller of type _FU_P registered.
2019-11-25 15:43:43.1769 ITNSBOCustomization.Lib.Base.FormController --- New controller of type OIGE registered.
2019-11-25 15:43:43.2707 ITNSBOCustomization.Lib.Base.FormController --- Adding fields for the object: OIGE
2019-11-25 15:43:43.4738 ITNSBOCustomization.Lib.Base.FormController --- New controller of type OIGE registered.
2019-11-25 15:44:32.2847 ITNSBOCustomization.Lib.Core.Addon --- {"ClassName":"System.NullReferenceException","Message":"Object reference not set to an instance of an object.","Data":null,"InnerException":null,"HelpURL":null,"StackTraceString":"   at ITNSBOCustomization.Lib.Base.FormController.UnregisterController(FormController ControllerToUnregister)","RemoteStackTraceString":null,"RemoteStackIndex":0,"ExceptionMethod":"8\nUnregisterController\nITNSBOCustomization, Version=1.0.0.0, Culture=neutral, PublicKeyToken=null\nITNSBOCustomization.Lib.Base.FormController\nVoid UnregisterController(ITNSBOCustomization.Lib.Base.FormController)","HResult":-2147467261,"Source":"ITNSBOCustomization","WatsonBuckets":null}
2019-11-25 15:46:37.7339 ITNSBOCustomization.Lib.Base.FormController --- New controller of type OWOR registered.
2019-11-25 15:46:37.8276 ITNSBOCustomization.Lib.Base.FormController --- Adding fields for the object: OWOR
2019-11-25 15:46:38.0620 ITNSBOCustomization.Lib.Base.FormController --- New controller of type OWOR registered.
2019-11-25 15:46:39.9682 ITNSBOCustomization.Lib.Base.FormController --- New controller of type OITT registered.
2019-11-25 15:46:40.0307 ITNSBOCustomization.Lib.Base.FormController --- New controller of type OITT registered.
2019-11-25 15:47:04.7330 ITNSBOCustomization.Lib.Base.FormController --- New controller of type _FU_P registered.
2019-11-25 15:47:04.7955 ITNSBOCustomization.Lib.Base.FormController --- New controller of type _FU_P registered.
2019-11-25 15:47:04.9361 ITNSBOCustomization.Lib.Core.Addon --- {"ClassName":"System.NullReferenceException","Message":"Object reference not set to an instance of an object.","Data":null,"InnerException":null,"HelpURL":null,"StackTraceString":"   at ITNSBOCustomization.Lib.Base.FormController.UnregisterController(FormController ControllerToUnregister)","RemoteStackTraceString":null,"RemoteStackIndex":0,"ExceptionMethod":"8\nUnregisterController\nITNSBOCustomization, Version=1.0.0.0, Culture=neutral, PublicKeyToken=null\nITNSBOCustomization.Lib.Base.FormController\nVoid UnregisterController(ITNSBOCustomization.Lib.Base.FormController)","HResult":-2147467261,"Source":"ITNSBOCustomization","WatsonBuckets":null}
2019-11-25 15:47:04.9361 ITNSBOCustomization.Lib.Core.Addon --- {"ClassName":"System.NullReferenceException","Message":"Object reference not set to an instance of an object.","Data":null,"InnerException":null,"HelpURL":null,"StackTraceString":"   at ITNSBOCustomization.Lib.Base.FormController.UnregisterController(FormController ControllerToUnregister)","RemoteStackTraceString":null,"RemoteStackIndex":0,"ExceptionMethod":"8\nUnregisterController\nITNSBOCustomization, Version=1.0.0.0, Culture=neutral, PublicKeyToken=null\nITNSBOCustomization.Lib.Base.FormController\nVoid UnregisterController(ITNSBOCustomization.Lib.Base.FormController)","HResult":-2147467261,"Source":"ITNSBOCustomization","WatsonBuckets":null}
2019-11-25 15:47:07.9673 ITNSBOCustomization.Lib.Base.FormController --- New controller of type OIGE registered.
2019-11-25 15:47:08.0610 ITNSBOCustomization.Lib.Base.FormController --- Adding fields for the object: OIGE
2019-11-25 15:47:08.2641 ITNSBOCustomization.Lib.Base.FormController --- New controller of type OIGE registered.
2019-11-25 15:48:22.6211 ITNSBOCustomization.Lib.Base.FormController --- New controller of type OWOR registered.
2019-11-25 15:48:22.6992 ITNSBOCustomization.Lib.Base.FormController --- Adding fields for the object: OWOR
2019-11-25 15:48:22.9336 ITNSBOCustomization.Lib.Base.FormController --- New controller of type OWOR registered.
2019-11-25 15:48:24.5586 ITNSBOCustomization.Lib.Base.FormController --- New controller of type OITT registered.
2019-11-25 15:48:24.6054 ITNSBOCustomization.Lib.Base.FormController --- New controller of type OITT registered.
