2019-11-22 10:29:09.6328 ITNSBOCustomization.Lib.Base.FormController --- New controller of type OWOR registered.
2019-11-22 10:29:10.2734 ITNSBOCustomization.Lib.Base.FormController --- Adding fields for the object: OWOR
2019-11-22 10:29:10.6172 ITNSBOCustomization.Lib.Base.FormController --- New controller of type OWOR registered.
2019-11-22 10:29:44.2254 ITNSBOCustomization.Lib.Base.FormController --- New controller of type OWOR registered.
2019-11-22 10:29:44.3661 ITNSBOCustomization.Lib.Base.FormController --- Adding fields for the object: OWOR
2019-11-22 10:29:44.5067 ITNSBOCustomization.Lib.Core.Addon --- {"ClassName":"System.NullReferenceException","Message":"Object reference not set to an instance of an object.","Data":null,"InnerException":null,"HelpURL":null,"StackTraceString":"   at ITNSBOCustomization.Lib.Base.FormController.UnregisterController(FormController ControllerToUnregister)","RemoteStackTraceString":null,"RemoteStackIndex":0,"ExceptionMethod":"8\nUnregisterController\nITNSBOCustomization, Version=1.0.0.0, Culture=neutral, PublicKeyToken=null\nITNSBOCustomization.Lib.Base.FormController\nVoid UnregisterController(ITNSBOCustomization.Lib.Base.FormController)","HResult":-2147467261,"Source":"ITNSBOCustomization","WatsonBuckets":null}
2019-11-22 10:29:44.5848 ITNSBOCustomization.Lib.Base.FormController --- New controller of type OWOR registered.
2019-11-22 10:30:02.9904 ITNSBOCustomization.Lib.Base.FormController --- New controller of type OWOR registered.
2019-11-22 10:30:03.0686 ITNSBOCustomization.Lib.Base.FormController --- Adding fields for the object: OWOR
2019-11-22 10:30:03.2873 ITNSBOCustomization.Lib.Base.FormController --- New controller of type OWOR registered.
2019-11-22 10:30:08.7871 ITNSBOCustomization.Lib.Base.FormController --- New controller of type OWOR registered.
2019-11-22 10:30:08.8496 ITNSBOCustomization.Lib.Base.FormController --- Adding fields for the object: OWOR
2019-11-22 10:30:09.0684 ITNSBOCustomization.Lib.Base.FormController --- New controller of type OWOR registered.
2019-11-22 10:30:10.3964 ITNSBOCustomization.Lib.Base.FormController --- New controller of type OITT registered.
2019-11-22 10:30:10.4433 ITNSBOCustomization.Lib.Base.FormController --- New controller of type OITT registered.
2019-11-22 10:34:30.9034 ITNSBOCustomization.Lib.Base.FormController --- New controller of type OWOR registered.
2019-11-22 10:34:30.9815 ITNSBOCustomization.Lib.Base.FormController --- Adding fields for the object: OWOR
2019-11-22 10:34:31.2003 ITNSBOCustomization.Lib.Base.FormController --- New controller of type OWOR registered.
2019-11-22 10:34:39.8719 ITNSBOCustomization.Lib.Base.FormController --- New controller of type OITT registered.
2019-11-22 10:34:39.9344 ITNSBOCustomization.Lib.Base.FormController --- New controller of type OITT registered.
2019-11-22 10:35:06.5116 ITNSBOCustomization.Lib.Core.Addon --- {"ClassName":"System.NullReferenceException","Message":"Object reference not set to an instance of an object.","Data":null,"InnerException":null,"HelpURL":null,"StackTraceString":"   at ITNSBOCustomization.Lib.Base.FormController.UnregisterController(FormController ControllerToUnregister)","RemoteStackTraceString":null,"RemoteStackIndex":0,"ExceptionMethod":"8\nUnregisterController\nITNSBOCustomization, Version=1.0.0.0, Culture=neutral, PublicKeyToken=null\nITNSBOCustomization.Lib.Base.FormController\nVoid UnregisterController(ITNSBOCustomization.Lib.Base.FormController)","HResult":-2147467261,"Source":"ITNSBOCustomization","WatsonBuckets":null}
2019-11-22 10:35:06.5272 ITNSBOCustomization.Lib.Core.Addon --- {"ClassName":"System.NullReferenceException","Message":"Object reference not set to an instance of an object.","Data":null,"InnerException":null,"HelpURL":null,"StackTraceString":"   at ITNSBOCustomization.Lib.Base.FormController.UnregisterController(FormController ControllerToUnregister)","RemoteStackTraceString":null,"RemoteStackIndex":0,"ExceptionMethod":"8\nUnregisterController\nITNSBOCustomization, Version=1.0.0.0, Culture=neutral, PublicKeyToken=null\nITNSBOCustomization.Lib.Base.FormController\nVoid UnregisterController(ITNSBOCustomization.Lib.Base.FormController)","HResult":-2147467261,"Source":"ITNSBOCustomization","WatsonBuckets":null}
2019-11-22 10:42:52.4961 ITNSBOCustomization.Lib.Base.FormController --- New controller of type OWOR registered.
2019-11-22 10:42:52.5743 ITNSBOCustomization.Lib.Base.FormController --- Adding fields for the object: OWOR
2019-11-22 10:42:52.7930 ITNSBOCustomization.Lib.Base.FormController --- New controller of type OWOR registered.
2019-11-22 10:43:03.1364 ITNSBOCustomization.Lib.Base.FormController --- New controller of type OWOR registered.
2019-11-22 10:43:03.2145 ITNSBOCustomization.Lib.Base.FormController --- Adding fields for the object: OWOR
2019-11-22 10:43:03.4333 ITNSBOCustomization.Lib.Base.FormController --- New controller of type OWOR registered.
2019-11-22 10:43:21.5733 ITNSBOCustomization.Lib.Base.FormController --- New controller of type OWOR registered.
2019-11-22 10:43:21.6514 ITNSBOCustomization.Lib.Base.FormController --- Adding fields for the object: OWOR
2019-11-22 10:43:21.8702 ITNSBOCustomization.Lib.Base.FormController --- New controller of type OWOR registered.
2019-11-22 11:11:59.4668 ITNSBOCustomization.Lib.Base.FormController --- New controller of type OIGE registered.
2019-11-22 11:12:00.9337 ITNSBOCustomization.Lib.Base.FormController --- Adding fields for the object: OIGE
2019-11-22 11:12:01.4094 ITNSBOCustomization.Lib.Base.FormController --- New controller of type OIGE registered.
2019-11-22 11:12:25.8851 ITNSBOCustomization.Lib.Base.FormController --- New controller of type OWOR registered.
2019-11-22 11:12:25.9331 ITNSBOCustomization.Lib.Base.FormController --- Adding fields for the object: OWOR
2019-11-22 11:12:26.1070 ITNSBOCustomization.Lib.Base.FormController --- New controller of type OWOR registered.
2019-11-22 11:12:59.4499 ITNSBOCustomization.Lib.Base.FormController --- New controller of type OITT registered.
2019-11-22 11:12:59.4769 ITNSBOCustomization.Lib.Base.FormController --- New controller of type OITT registered.
2019-11-22 11:13:14.6515 ITNSBOCustomization.Lib.Core.Addon --- {"ClassName":"System.NullReferenceException","Message":"Object reference not set to an instance of an object.","Data":null,"InnerException":null,"HelpURL":null,"StackTraceString":"   at ITNSBOCustomization.Lib.Base.FormController.UnregisterController(FormController ControllerToUnregister)","RemoteStackTraceString":null,"RemoteStackIndex":0,"ExceptionMethod":"8\nUnregisterController\nITNSBOCustomization, Version=1.0.0.0, Culture=neutral, PublicKeyToken=null\nITNSBOCustomization.Lib.Base.FormController\nVoid UnregisterController(ITNSBOCustomization.Lib.Base.FormController)","HResult":-2147467261,"Source":"ITNSBOCustomization","WatsonBuckets":null}
2019-11-22 11:13:49.8481 ITNSBOCustomization.Lib.Core.Addon --- {"ClassName":"System.InvalidCastException","Message":"Unable to cast COM object of type 'System.__ComObject' to interface type 'SAPbobsCOM.Documents'. This operation failed because the QueryInterface call on the COM component for the interface with IID '{A6DA575B-E105-4585-9F4B-50CC4044EEDD}' failed due to the following error: No such interface supported (Exception from HRESULT: 0x80004002 (E_NOINTERFACE)).","Data":null,"InnerException":null,"HelpURL":null,"StackTraceString":"   at ITNSBOCustomization.NPLocalization.Controllers.LocalizationController.updateJournalEntry(Company oCompany, Boolean& success, BusinessObjectInfo boInf)","RemoteStackTraceString":null,"RemoteStackIndex":0,"ExceptionMethod":"8\nupdateJournalEntry\nNPLocalization, Version=1.0.0.0, Culture=neutral, PublicKeyToken=null\nITNSBOCustomization.NPLocalization.Controllers.LocalizationController\nVoid updateJournalEntry(SAPbobsCOM.Company, Boolean ByRef, SAPbouiCOM.BusinessObjectInfo)","HResult":-2147467262,"Source":"NPLocalization","WatsonBuckets":null}
2019-11-22 11:14:28.5755 ITNSBOCustomization.Lib.Base.FormController --- New controller of type _FU_P registered.
2019-11-22 11:14:28.6315 ITNSBOCustomization.Lib.Base.FormController --- New controller of type _FU_P registered.
2019-11-22 11:14:32.6760 ITNSBOCustomization.Lib.Base.FormController --- New controller of type OIGE registered.
2019-11-22 11:14:32.7170 ITNSBOCustomization.Lib.Base.FormController --- Adding fields for the object: OIGE
2019-11-22 11:14:32.8309 ITNSBOCustomization.Lib.Base.FormController --- New controller of type OIGE registered.
2019-11-22 11:15:05.7127 ITNSBOCustomization.Lib.Core.Addon --- {"ClassName":"System.NullReferenceException","Message":"Object reference not set to an instance of an object.","Data":null,"InnerException":null,"HelpURL":null,"StackTraceString":"   at ITNSBOCustomization.Lib.Base.FormController.UnregisterController(FormController ControllerToUnregister)","RemoteStackTraceString":null,"RemoteStackIndex":0,"ExceptionMethod":"8\nUnregisterController\nITNSBOCustomization, Version=1.0.0.0, Culture=neutral, PublicKeyToken=null\nITNSBOCustomization.Lib.Base.FormController\nVoid UnregisterController(ITNSBOCustomization.Lib.Base.FormController)","HResult":-2147467261,"Source":"ITNSBOCustomization","WatsonBuckets":null}
2019-11-22 11:15:05.7646 ITNSBOCustomization.Lib.Base.FormController --- New controller of type DPICK registered.
2019-11-22 11:15:05.7956 ITNSBOCustomization.Lib.Base.FormController --- New controller of type DPICK registered.
2019-11-22 11:15:46.6247 ITNSBOCustomization.Lib.Base.FormController --- New controller of type _FU_P registered.
2019-11-22 11:15:46.6586 ITNSBOCustomization.Lib.Base.FormController --- New controller of type _FU_P registered.
2019-11-22 11:15:49.3790 ITNSBOCustomization.Lib.Base.FormController --- New controller of type OIGE registered.
2019-11-22 11:15:49.4229 ITNSBOCustomization.Lib.Base.FormController --- Adding fields for the object: OIGE
2019-11-22 11:15:49.5339 ITNSBOCustomization.Lib.Base.FormController --- New controller of type OIGE registered.
2019-11-22 11:15:52.6000 ITNSBOCustomization.Lib.Base.FormController --- New controller of type DPICK registered.
2019-11-22 11:15:52.6469 ITNSBOCustomization.Lib.Base.FormController --- New controller of type DPICK registered.
2019-11-22 11:15:52.7159 ITNSBOCustomization.Lib.Core.Addon --- {"ClassName":"System.NullReferenceException","Message":"Object reference not set to an instance of an object.","Data":null,"InnerException":null,"HelpURL":null,"StackTraceString":"   at ITNSBOCustomization.Lib.Base.FormController.UnregisterController(FormController ControllerToUnregister)","RemoteStackTraceString":null,"RemoteStackIndex":0,"ExceptionMethod":"8\nUnregisterController\nITNSBOCustomization, Version=1.0.0.0, Culture=neutral, PublicKeyToken=null\nITNSBOCustomization.Lib.Base.FormController\nVoid UnregisterController(ITNSBOCustomization.Lib.Base.FormController)","HResult":-2147467261,"Source":"ITNSBOCustomization","WatsonBuckets":null}
2019-11-22 11:19:43.1993 ITNSBOCustomization.Lib.Base.FormController --- New controller of type _FU_P registered.
2019-11-22 11:19:43.2363 ITNSBOCustomization.Lib.Base.FormController --- New controller of type _FU_P registered.
2019-11-22 11:19:45.7664 ITNSBOCustomization.Lib.Base.FormController --- New controller of type OIGE registered.
2019-11-22 11:19:45.8093 ITNSBOCustomization.Lib.Base.FormController --- Adding fields for the object: OIGE
2019-11-22 11:19:45.9243 ITNSBOCustomization.Lib.Base.FormController --- New controller of type OIGE registered.
2019-11-22 11:20:03.8477 ITNSBOCustomization.Lib.Core.Addon --- {"ClassName":"System.NullReferenceException","Message":"Object reference not set to an instance of an object.","Data":null,"InnerException":null,"HelpURL":null,"StackTraceString":"   at ITNSBOCustomization.Lib.Base.FormController.UnregisterController(FormController ControllerToUnregister)","RemoteStackTraceString":null,"RemoteStackIndex":0,"ExceptionMethod":"8\nUnregisterController\nITNSBOCustomization, Version=1.0.0.0, Culture=neutral, PublicKeyToken=null\nITNSBOCustomization.Lib.Base.FormController\nVoid UnregisterController(ITNSBOCustomization.Lib.Base.FormController)","HResult":-2147467261,"Source":"ITNSBOCustomization","WatsonBuckets":null}
2019-11-22 11:20:57.9545 ITNSBOCustomization.Lib.Base.FormController --- New controller of type _FU_P registered.
2019-11-22 11:20:57.9845 ITNSBOCustomization.Lib.Base.FormController --- New controller of type _FU_P registered.
2019-11-22 11:21:00.3060 ITNSBOCustomization.Lib.Base.FormController --- New controller of type OIGE registered.
2019-11-22 11:21:00.3610 ITNSBOCustomization.Lib.Base.FormController --- Adding fields for the object: OIGE
2019-11-22 11:21:00.5069 ITNSBOCustomization.Lib.Base.FormController --- New controller of type OIGE registered.
2019-11-22 11:21:46.2637 ITNSBOCustomization.Lib.Core.Addon --- {"ClassName":"System.NullReferenceException","Message":"Object reference not set to an instance of an object.","Data":null,"InnerException":null,"HelpURL":null,"StackTraceString":"   at ITNSBOCustomization.Lib.Base.FormController.UnregisterController(FormController ControllerToUnregister)","RemoteStackTraceString":null,"RemoteStackIndex":0,"ExceptionMethod":"8\nUnregisterController\nITNSBOCustomization, Version=1.0.0.0, Culture=neutral, PublicKeyToken=null\nITNSBOCustomization.Lib.Base.FormController\nVoid UnregisterController(ITNSBOCustomization.Lib.Base.FormController)","HResult":-2147467261,"Source":"ITNSBOCustomization","WatsonBuckets":null}
2019-11-22 11:23:21.7287 ITNSBOCustomization.Lib.Core.Addon --- {"ClassName":"System.NullReferenceException","Message":"Object reference not set to an instance of an object.","Data":null,"InnerException":null,"HelpURL":null,"StackTraceString":"   at ITNSBOCustomization.Lib.Base.FormController.UnregisterController(FormController ControllerToUnregister)","RemoteStackTraceString":null,"RemoteStackIndex":0,"ExceptionMethod":"8\nUnregisterController\nITNSBOCustomization, Version=1.0.0.0, Culture=neutral, PublicKeyToken=null\nITNSBOCustomization.Lib.Base.FormController\nVoid UnregisterController(ITNSBOCustomization.Lib.Base.FormController)","HResult":-2147467261,"Source":"ITNSBOCustomization","WatsonBuckets":null}
2019-11-22 11:23:28.9133 ITNSBOCustomization.Lib.Base.FormController --- New controller of type OIGN registered.
2019-11-22 11:23:28.9592 ITNSBOCustomization.Lib.Base.FormController --- Adding fields for the object: OIGN
2019-11-22 11:23:29.0692 ITNSBOCustomization.Lib.Base.FormController --- New controller of type OIGN registered.
2019-11-22 11:24:42.7473 ITNSBOCustomization.Lib.Core.Addon --- {"ClassName":"System.NullReferenceException","Message":"Object reference not set to an instance of an object.","Data":null,"InnerException":null,"HelpURL":null,"StackTraceString":"   at ITNSBOCustomization.Lib.Base.FormController.UnregisterController(FormController ControllerToUnregister)","RemoteStackTraceString":null,"RemoteStackIndex":0,"ExceptionMethod":"8\nUnregisterController\nITNSBOCustomization, Version=1.0.0.0, Culture=neutral, PublicKeyToken=null\nITNSBOCustomization.Lib.Base.FormController\nVoid UnregisterController(ITNSBOCustomization.Lib.Base.FormController)","HResult":-2147467261,"Source":"ITNSBOCustomization","WatsonBuckets":null}
2019-11-22 11:25:20.2371 ITNSBOCustomization.Lib.Base.FormController --- New controller of type OWOR registered.
2019-11-22 11:25:20.2791 ITNSBOCustomization.Lib.Base.FormController --- Adding fields for the object: OWOR
2019-11-22 11:25:20.4390 ITNSBOCustomization.Lib.Base.FormController --- New controller of type OWOR registered.
2019-11-22 11:25:21.5743 ITNSBOCustomization.Lib.Base.FormController --- New controller of type OITT registered.
2019-11-22 11:25:21.6063 ITNSBOCustomization.Lib.Base.FormController --- New controller of type OITT registered.
2019-11-22 11:30:48.8397 ITNSBOCustomization.Lib.Core.Addon --- {"ClassName":"System.NullReferenceException","Message":"Object reference not set to an instance of an object.","Data":null,"InnerException":null,"HelpURL":null,"StackTraceString":"   at ITNSBOCustomization.Lib.Base.FormController.UnregisterController(FormController ControllerToUnregister)","RemoteStackTraceString":null,"RemoteStackIndex":0,"ExceptionMethod":"8\nUnregisterController\nITNSBOCustomization, Version=1.0.0.0, Culture=neutral, PublicKeyToken=null\nITNSBOCustomization.Lib.Base.FormController\nVoid UnregisterController(ITNSBOCustomization.Lib.Base.FormController)","HResult":-2147467261,"Source":"ITNSBOCustomization","WatsonBuckets":null}
2019-11-22 11:30:48.8397 ITNSBOCustomization.Lib.Core.Addon --- {"ClassName":"System.NullReferenceException","Message":"Object reference not set to an instance of an object.","Data":null,"InnerException":null,"HelpURL":null,"StackTraceString":"   at ITNSBOCustomization.Lib.Base.FormController.UnregisterController(FormController ControllerToUnregister)","RemoteStackTraceString":null,"RemoteStackIndex":0,"ExceptionMethod":"8\nUnregisterController\nITNSBOCustomization, Version=1.0.0.0, Culture=neutral, PublicKeyToken=null\nITNSBOCustomization.Lib.Base.FormController\nVoid UnregisterController(ITNSBOCustomization.Lib.Base.FormController)","HResult":-2147467261,"Source":"ITNSBOCustomization","WatsonBuckets":null}
2019-11-22 16:44:06.1695 ITNSBOCustomization.Lib.Base.FormController --- New controller of type OWOR registered.
2019-11-22 16:44:06.8101 ITNSBOCustomization.Lib.Base.FormController --- Adding fields for the object: OWOR
2019-11-22 16:44:07.1851 ITNSBOCustomization.Lib.Base.FormController --- New controller of type OWOR registered.
2019-11-22 16:44:25.8407 ITNSBOCustomization.Lib.Base.FormController --- New controller of type OWOR registered.
2019-11-22 16:44:25.9189 ITNSBOCustomization.Lib.Base.FormController --- Adding fields for the object: OWOR
2019-11-22 16:44:26.1532 ITNSBOCustomization.Lib.Base.FormController --- New controller of type OWOR registered.
2019-11-22 16:44:46.8244 ITNSBOCustomization.Lib.Base.FormController --- New controller of type _FU_P registered.
2019-11-22 16:44:46.8869 ITNSBOCustomization.Lib.Base.FormController --- New controller of type _FU_P registered.
2019-11-22 16:44:50.2149 ITNSBOCustomization.Lib.Base.FormController --- New controller of type OIGE registered.
2019-11-22 16:44:50.2930 ITNSBOCustomization.Lib.Base.FormController --- Adding fields for the object: OIGE
2019-11-22 16:44:50.4962 ITNSBOCustomization.Lib.Base.FormController --- New controller of type OIGE registered.
2019-11-22 16:45:55.6815 ITNSBOCustomization.Lib.Core.Addon --- {"ClassName":"System.NullReferenceException","Message":"Object reference not set to an instance of an object.","Data":null,"InnerException":null,"HelpURL":null,"StackTraceString":"   at ITNSBOCustomization.Lib.Base.FormController.UnregisterController(FormController ControllerToUnregister)","RemoteStackTraceString":null,"RemoteStackIndex":0,"ExceptionMethod":"8\nUnregisterController\nITNSBOCustomization, Version=1.0.0.0, Culture=neutral, PublicKeyToken=null\nITNSBOCustomization.Lib.Base.FormController\nVoid UnregisterController(ITNSBOCustomization.Lib.Base.FormController)","HResult":-2147467261,"Source":"ITNSBOCustomization","WatsonBuckets":null}
2019-11-22 16:46:12.7122 ITNSBOCustomization.Lib.Base.FormController --- New controller of type OWOR registered.
2019-11-22 16:46:12.7903 ITNSBOCustomization.Lib.Base.FormController --- Adding fields for the object: OWOR
2019-11-22 16:46:13.0247 ITNSBOCustomization.Lib.Base.FormController --- New controller of type OWOR registered.
2019-11-22 16:46:14.4153 ITNSBOCustomization.Lib.Base.FormController --- New controller of type OITT registered.
2019-11-22 16:46:14.4778 ITNSBOCustomization.Lib.Base.FormController --- New controller of type OITT registered.
2019-11-22 16:49:36.7523 ITNSBOCustomization.Lib.Core.Addon --- {"ClassName":"System.NullReferenceException","Message":"Object reference not set to an instance of an object.","Data":null,"InnerException":null,"HelpURL":null,"StackTraceString":"   at ITNSBOCustomization.Lib.Base.FormController.UnregisterController(FormController ControllerToUnregister)","RemoteStackTraceString":null,"RemoteStackIndex":0,"ExceptionMethod":"8\nUnregisterController\nITNSBOCustomization, Version=1.0.0.0, Culture=neutral, PublicKeyToken=null\nITNSBOCustomization.Lib.Base.FormController\nVoid UnregisterController(ITNSBOCustomization.Lib.Base.FormController)","HResult":-2147467261,"Source":"ITNSBOCustomization","WatsonBuckets":null}
2019-11-22 16:49:36.7523 ITNSBOCustomization.Lib.Core.Addon --- {"ClassName":"System.NullReferenceException","Message":"Object reference not set to an instance of an object.","Data":null,"InnerException":null,"HelpURL":null,"StackTraceString":"   at ITNSBOCustomization.Lib.Base.FormController.UnregisterController(FormController ControllerToUnregister)","RemoteStackTraceString":null,"RemoteStackIndex":0,"ExceptionMethod":"8\nUnregisterController\nITNSBOCustomization, Version=1.0.0.0, Culture=neutral, PublicKeyToken=null\nITNSBOCustomization.Lib.Base.FormController\nVoid UnregisterController(ITNSBOCustomization.Lib.Base.FormController)","HResult":-2147467261,"Source":"ITNSBOCustomization","WatsonBuckets":null}
2019-11-22 16:49:36.7523 ITNSBOCustomization.Lib.Core.Addon --- {"ClassName":"System.NullReferenceException","Message":"Object reference not set to an instance of an object.","Data":null,"InnerException":null,"HelpURL":null,"StackTraceString":"   at ITNSBOCustomization.Lib.Base.FormController.UnregisterController(FormController ControllerToUnregister)","RemoteStackTraceString":null,"RemoteStackIndex":0,"ExceptionMethod":"8\nUnregisterController\nITNSBOCustomization, Version=1.0.0.0, Culture=neutral, PublicKeyToken=null\nITNSBOCustomization.Lib.Base.FormController\nVoid UnregisterController(ITNSBOCustomization.Lib.Base.FormController)","HResult":-2147467261,"Source":"ITNSBOCustomization","WatsonBuckets":null}
2019-11-22 16:49:36.7523 ITNSBOCustomization.Lib.Core.Addon --- {"ClassName":"System.NullReferenceException","Message":"Object reference not set to an instance of an object.","Data":null,"InnerException":null,"HelpURL":null,"StackTraceString":"   at ITNSBOCustomization.Lib.Base.FormController.UnregisterController(FormController ControllerToUnregister)","RemoteStackTraceString":null,"RemoteStackIndex":0,"ExceptionMethod":"8\nUnregisterController\nITNSBOCustomization, Version=1.0.0.0, Culture=neutral, PublicKeyToken=null\nITNSBOCustomization.Lib.Base.FormController\nVoid UnregisterController(ITNSBOCustomization.Lib.Base.FormController)","HResult":-2147467261,"Source":"ITNSBOCustomization","WatsonBuckets":null}
